INFO 2026-01-07 08:37:40,427 autoreload Watching for file changes with StatReloader
INFO 2026-01-07 08:38:14,925 basehttp "OPTIONS /api/v1/auth/profile HTTP/1.1" 200 0
INFO 2026-01-07 08:38:14,925 basehttp "OPTIONS /api/v1/auth/profile HTTP/1.1" 200 0
WARNING 2026-01-07 08:38:15,026 log Unauthorized: /api/v1/auth/profile
WARNING 2026-01-07 08:38:15,028 basehttp "GET /api/v1/auth/profile HTTP/1.1" 401 133
WARNING 2026-01-07 08:38:15,038 log Unauthorized: /api/v1/auth/profile
WARNING 2026-01-07 08:38:15,038 basehttp "GET /api/v1/auth/profile HTTP/1.1" 401 133
INFO 2026-01-07 08:38:18,760 basehttp "OPTIONS /api/v1/auth/login HTTP/1.1" 200 0
INFO 2026-01-07 08:38:21,289 basehttp "POST /api/v1/auth/login HTTP/1.1" 200 601
INFO 2026-01-07 08:38:21,794 basehttp "GET /api/v1/auth/profile HTTP/1.1" 200 339
INFO 2026-01-07 08:38:24,004 basehttp "GET /api/v1/auth/profile HTTP/1.1" 200 339
INFO 2026-01-07 08:38:24,013 basehttp "OPTIONS /api/v1/notifications/?limit=5 HTTP/1.1" 200 0
INFO 2026-01-07 08:38:24,745 basehttp "GET /api/v1/notifications/?limit=5 HTTP/1.1" 200 97
INFO 2026-01-07 08:38:24,749 basehttp "OPTIONS /api/v1/portfolio/holdings/ HTTP/1.1" 200 0
INFO 2026-01-07 08:38:26,187 basehttp "GET /api/v1/auth/profile HTTP/1.1" 200 339
INFO 2026-01-07 08:38:27,075 basehttp "GET /api/v1/notifications/?limit=5 HTTP/1.1" 200 97
INFO 2026-01-07 08:38:32,900 basehttp "GET /api/v1/portfolio/holdings/ HTTP/1.1" 200 2647
INFO 2026-01-07 08:38:33,693 basehttp "OPTIONS /api/v1/strategies/rule-based/ HTTP/1.1" 200 0
INFO 2026-01-07 08:38:33,706 basehttp "OPTIONS /api/v1/strategies/rule-based/ HTTP/1.1" 200 0
INFO 2026-01-07 08:38:36,165 basehttp "GET /api/v1/strategies/rule-based/ HTTP/1.1" 200 415
INFO 2026-01-07 08:38:36,172 basehttp "OPTIONS /api/v1/strategies/master/ HTTP/1.1" 200 0
INFO 2026-01-07 08:38:36,907 basehttp "GET /api/v1/strategies/master/ HTTP/1.1" 200 1236
INFO 2026-01-07 08:38:38,566 basehttp "GET /api/v1/strategies/rule-based/ HTTP/1.1" 200 415
INFO 2026-01-07 08:38:39,290 basehttp "GET /api/v1/strategies/master/ HTTP/1.1" 200 1236
INFO 2026-01-07 08:38:40,999 basehttp "OPTIONS /api/v1/strategies/master/DAILY_CLOSE_MOMENTUM/ HTTP/1.1" 200 0
INFO 2026-01-07 08:38:41,006 basehttp "OPTIONS /api/v1/strategies/master/DAILY_CLOSE_MOMENTUM/ HTTP/1.1" 200 0
INFO 2026-01-07 08:38:41,040 basehttp "GET /api/v1/portfolio/holdings/ HTTP/1.1" 200 2647
INFO 2026-01-07 08:38:41,746 basehttp "GET /api/v1/strategies/master/DAILY_CLOSE_MOMENTUM/ HTTP/1.1" 200 479
INFO 2026-01-07 08:38:41,749 basehttp "OPTIONS /api/v1/strategies/signals/?strategy=DAILY_CLOSE_MOMENTUM HTTP/1.1" 200 0
INFO 2026-01-07 08:38:42,495 basehttp "GET /api/v1/strategies/master/DAILY_CLOSE_MOMENTUM/ HTTP/1.1" 200 479
INFO 2026-01-07 08:38:55,287 basehttp "GET /api/v1/strategies/signals/?strategy=DAILY_CLOSE_MOMENTUM HTTP/1.1" 200 7534
INFO 2026-01-07 08:38:55,301 basehttp "OPTIONS /api/v1/backtest/runs/?strategy_code=DAILY_CLOSE_MOMENTUM HTTP/1.1" 200 0
INFO 2026-01-07 08:38:58,461 basehttp "GET /api/v1/backtest/runs/?strategy_code=DAILY_CLOSE_MOMENTUM HTTP/1.1" 200 12478
INFO 2026-01-07 08:39:10,388 basehttp "GET /api/v1/strategies/signals/?strategy=DAILY_CLOSE_MOMENTUM HTTP/1.1" 200 7534
INFO 2026-01-07 08:39:13,548 basehttp "GET /api/v1/backtest/runs/?strategy_code=DAILY_CLOSE_MOMENTUM HTTP/1.1" 200 12478
INFO 2026-01-07 08:40:59,949 autoreload /Users/chat360team/Documents/papertrade/papertrade-backend/apps/strategies/serializers.py changed, reloading.
SETTINGS-DEBUG: Looking for .env at: /Users/chat360team/Documents/papertrade/papertrade-backend/.env
SETTINGS-DEBUG: .env exists: True
SETTINGS-DEBUG: Loaded .env successfully
Performing system checks...

System check identified no issues (0 silenced).
January 07, 2026 - 08:37:43
Django version 5.1.4, using settings 'config.settings'
Starting development server at http://0.0.0.0:8000/
Quit the server with CONTROL-C.

INFO 2026-01-07 08:41:00,920 autoreload Watching for file changes with StatReloader
INFO 2026-01-07 08:42:35,051 basehttp "GET /api/v1/auth/profile HTTP/1.1" 200 339
INFO 2026-01-07 08:42:35,286 basehttp "GET /api/v1/strategies/master/DAILY_CLOSE_MOMENTUM/ HTTP/1.1" 200 479
INFO 2026-01-07 08:42:36,112 basehttp "GET /api/v1/strategies/master/DAILY_CLOSE_MOMENTUM/ HTTP/1.1" 200 479
INFO 2026-01-07 08:42:37,201 basehttp "GET /api/v1/auth/profile HTTP/1.1" 200 339
INFO 2026-01-07 08:43:00,919 basehttp "GET /api/v1/strategies/signals/?strategy=DAILY_CLOSE_MOMENTUM HTTP/1.1" 200 9615
INFO 2026-01-07 08:43:04,091 basehttp "GET /api/v1/backtest/runs/?strategy_code=DAILY_CLOSE_MOMENTUM HTTP/1.1" 200 12478
INFO 2026-01-07 08:43:23,478 basehttp "GET /api/v1/strategies/signals/?strategy=DAILY_CLOSE_MOMENTUM HTTP/1.1" 200 9615
INFO 2026-01-07 08:43:26,614 basehttp "GET /api/v1/backtest/runs/?strategy_code=DAILY_CLOSE_MOMENTUM HTTP/1.1" 200 12478
INFO 2026-01-07 08:44:12,434 autoreload /Users/chat360team/Documents/papertrade/papertrade-backend/apps/strategies/views.py changed, reloading.
SETTINGS-DEBUG: Looking for .env at: /Users/chat360team/Documents/papertrade/papertrade-backend/.env
SETTINGS-DEBUG: .env exists: True
SETTINGS-DEBUG: Loaded .env successfully
Performing system checks...

System check identified no issues (0 silenced).
January 07, 2026 - 08:41:03
Django version 5.1.4, using settings 'config.settings'
Starting development server at http://0.0.0.0:8000/
Quit the server with CONTROL-C.

INFO 2026-01-07 08:44:12,917 autoreload Watching for file changes with StatReloader
INFO 2026-01-07 08:45:17,912 basehttp "GET /api/v1/auth/profile HTTP/1.1" 200 339
INFO 2026-01-07 08:45:18,152 basehttp "GET /api/v1/strategies/master/DAILY_CLOSE_MOMENTUM/ HTTP/1.1" 200 479
INFO 2026-01-07 08:45:18,160 basehttp "OPTIONS /api/v1/strategies/signals/?strategy=DAILY_CLOSE_MOMENTUM&start_date=2025-11-08 HTTP/1.1" 200 0
INFO 2026-01-07 08:45:18,409 basehttp "GET /api/v1/auth/profile HTTP/1.1" 200 339
INFO 2026-01-07 08:45:20,598 basehttp "GET /api/v1/strategies/master/DAILY_CLOSE_MOMENTUM/ HTTP/1.1" 200 479
INFO 2026-01-07 08:45:43,692 basehttp "GET /api/v1/strategies/signals/?strategy=DAILY_CLOSE_MOMENTUM&start_date=2025-11-08 HTTP/1.1" 200 9637
INFO 2026-01-07 08:45:46,903 basehttp "GET /api/v1/backtest/runs/?strategy_code=DAILY_CLOSE_MOMENTUM HTTP/1.1" 200 12478
INFO 2026-01-07 08:46:09,483 basehttp "GET /api/v1/strategies/signals/?strategy=DAILY_CLOSE_MOMENTUM&start_date=2025-11-08 HTTP/1.1" 200 9637
INFO 2026-01-07 08:46:12,649 basehttp "GET /api/v1/backtest/runs/?strategy_code=DAILY_CLOSE_MOMENTUM HTTP/1.1" 200 12478
INFO 2026-01-07 08:47:11,707 basehttp "GET /api/v1/auth/profile HTTP/1.1" 200 339
INFO 2026-01-07 08:47:12,191 basehttp "GET /api/v1/auth/profile HTTP/1.1" 200 339
INFO 2026-01-07 08:47:12,192 basehttp - Broken pipe from ('127.0.0.1', 53029)
INFO 2026-01-07 08:47:12,904 basehttp "OPTIONS /api/v1/admin-panel/auth/profile/ HTTP/1.1" 200 0
INFO 2026-01-07 08:47:13,586 basehttp "OPTIONS /api/v1/admin-panel/dashboard/stats/ HTTP/1.1" 200 0
INFO 2026-01-07 08:47:13,889 basehttp - Broken pipe from ('127.0.0.1', 53033)
INFO 2026-01-07 08:47:15,082 basehttp "GET /api/v1/admin-panel/auth/profile/ HTTP/1.1" 200 301
INFO 2026-01-07 08:47:16,745 basehttp "GET /api/v1/admin-panel/dashboard/stats/ HTTP/1.1" 200 167
INFO 2026-01-07 08:47:29,002 basehttp "OPTIONS /api/v1/admin-panel/database/tables/ HTTP/1.1" 200 0
INFO 2026-01-07 08:47:31,674 basehttp "GET /api/v1/admin-panel/database/tables/ HTTP/1.1" 200 912
INFO 2026-01-07 08:47:40,127 basehttp "OPTIONS /api/v1/admin-panel/database/query/ HTTP/1.1" 200 0
INFO 2026-01-07 08:47:42,764 basehttp "POST /api/v1/admin-panel/database/query/ HTTP/1.1" 200 10458
INFO 2026-01-07 08:48:24,046 basehttp "GET /api/v1/strategies/rule-based/ HTTP/1.1" 200 415
INFO 2026-01-07 08:48:24,768 basehttp "GET /api/v1/strategies/rule-based/ HTTP/1.1" 200 415
INFO 2026-01-07 08:48:26,476 basehttp "GET /api/v1/strategies/master/ HTTP/1.1" 200 1236
INFO 2026-01-07 08:48:27,194 basehttp "GET /api/v1/strategies/master/ HTTP/1.1" 200 1236
INFO 2026-01-07 08:48:35,385 basehttp "GET /api/v1/strategies/master/DAILY_CLOSE_MOMENTUM/ HTTP/1.1" 200 479
INFO 2026-01-07 08:48:36,118 basehttp "GET /api/v1/strategies/master/DAILY_CLOSE_MOMENTUM/ HTTP/1.1" 200 479
INFO 2026-01-07 08:49:02,708 basehttp "GET /api/v1/strategies/signals/?strategy=DAILY_CLOSE_MOMENTUM&start_date=2025-11-08 HTTP/1.1" 200 9637
INFO 2026-01-07 08:49:05,864 basehttp "GET /api/v1/backtest/runs/?strategy_code=DAILY_CLOSE_MOMENTUM HTTP/1.1" 200 12478
INFO 2026-01-07 08:49:23,194 basehttp "GET /api/v1/strategies/signals/?strategy=DAILY_CLOSE_MOMENTUM&start_date=2025-11-08 HTTP/1.1" 200 9637
INFO 2026-01-07 08:49:26,347 basehttp "GET /api/v1/backtest/runs/?strategy_code=DAILY_CLOSE_MOMENTUM HTTP/1.1" 200 12478
INFO 2026-01-07 08:53:30,355 autoreload /Users/chat360team/Documents/papertrade/papertrade-backend/apps/strategies/models.py changed, reloading.
SETTINGS-DEBUG: Looking for .env at: /Users/chat360team/Documents/papertrade/papertrade-backend/.env
SETTINGS-DEBUG: .env exists: True
SETTINGS-DEBUG: Loaded .env successfully
Performing system checks...

System check identified no issues (0 silenced).
January 07, 2026 - 08:44:16
Django version 5.1.4, using settings 'config.settings'
Starting development server at http://0.0.0.0:8000/
Quit the server with CONTROL-C.

INFO 2026-01-07 08:53:31,382 autoreload Watching for file changes with StatReloader
INFO 2026-01-07 08:54:01,218 autoreload /Users/chat360team/Documents/papertrade/papertrade-backend/apps/strategies/logic.py changed, reloading.
SETTINGS-DEBUG: Looking for .env at: /Users/chat360team/Documents/papertrade/papertrade-backend/.env
SETTINGS-DEBUG: .env exists: True
SETTINGS-DEBUG: Loaded .env successfully
Performing system checks...

System check identified no issues (0 silenced).
January 07, 2026 - 08:53:34
Django version 5.1.4, using settings 'config.settings'
Starting development server at http://0.0.0.0:8000/
Quit the server with CONTROL-C.

INFO 2026-01-07 08:54:03,180 autoreload Watching for file changes with StatReloader
INFO 2026-01-07 08:54:06,823 autoreload /Users/chat360team/Documents/papertrade/papertrade-backend/apps/strategies/logic.py changed, reloading.
SETTINGS-DEBUG: Looking for .env at: /Users/chat360team/Documents/papertrade/papertrade-backend/.env
SETTINGS-DEBUG: .env exists: True
SETTINGS-DEBUG: Loaded .env successfully
Performing system checks...

System check identified no issues (0 silenced).
INFO 2026-01-07 08:54:08,038 autoreload Watching for file changes with StatReloader
INFO 2026-01-07 08:54:24,808 autoreload /Users/chat360team/Documents/papertrade/papertrade-backend/apps/strategies/logic.py changed, reloading.
SETTINGS-DEBUG: Looking for .env at: /Users/chat360team/Documents/papertrade/papertrade-backend/.env
SETTINGS-DEBUG: .env exists: True
SETTINGS-DEBUG: Loaded .env successfully
Performing system checks...

System check identified no issues (0 silenced).
January 07, 2026 - 08:54:11
Django version 5.1.4, using settings 'config.settings'
Starting development server at http://0.0.0.0:8000/
Quit the server with CONTROL-C.

INFO 2026-01-07 08:54:25,346 autoreload Watching for file changes with StatReloader
INFO 2026-01-07 08:55:02,049 autoreload /Users/chat360team/Documents/papertrade/papertrade-backend/apps/strategies/logic.py changed, reloading.
SETTINGS-DEBUG: Looking for .env at: /Users/chat360team/Documents/papertrade/papertrade-backend/.env
SETTINGS-DEBUG: .env exists: True
SETTINGS-DEBUG: Loaded .env successfully
Performing system checks...

System check identified no issues (0 silenced).
January 07, 2026 - 08:54:28
Django version 5.1.4, using settings 'config.settings'
Starting development server at http://0.0.0.0:8000/
Quit the server with CONTROL-C.

INFO 2026-01-07 08:55:02,826 autoreload Watching for file changes with StatReloader
INFO 2026-01-07 08:55:16,285 autoreload /Users/chat360team/Documents/papertrade/papertrade-backend/apps/strategies/serializers.py changed, reloading.
SETTINGS-DEBUG: Looking for .env at: /Users/chat360team/Documents/papertrade/papertrade-backend/.env
SETTINGS-DEBUG: .env exists: True
SETTINGS-DEBUG: Loaded .env successfully
Performing system checks...

System check identified no issues (0 silenced).
January 07, 2026 - 08:55:06
Django version 5.1.4, using settings 'config.settings'
Starting development server at http://0.0.0.0:8000/
Quit the server with CONTROL-C.

INFO 2026-01-07 08:55:16,880 autoreload Watching for file changes with StatReloader
INFO 2026-01-07 08:56:47,182 basehttp "GET /api/v1/auth/profile HTTP/1.1" 200 339
INFO 2026-01-07 08:56:47,676 basehttp "GET /api/v1/auth/profile HTTP/1.1" 200 339
INFO 2026-01-07 08:56:48,355 basehttp "GET /api/v1/auth/profile HTTP/1.1" 200 339
INFO 2026-01-07 08:56:48,356 basehttp - Broken pipe from ('127.0.0.1', 55187)
INFO 2026-01-07 08:56:49,837 basehttp "GET /api/v1/auth/profile HTTP/1.1" 200 339
INFO 2026-01-07 08:56:49,838 basehttp - Broken pipe from ('127.0.0.1', 55198)
INFO 2026-01-07 08:56:50,380 basehttp "GET /api/v1/admin-panel/auth/profile/ HTTP/1.1" 200 301
INFO 2026-01-07 08:56:51,344 basehttp "GET /api/v1/admin-panel/dashboard/stats/ HTTP/1.1" 200 167
INFO 2026-01-07 08:56:54,109 basehttp "OPTIONS /api/v1/strategies/master/ HTTP/1.1" 200 0
INFO 2026-01-07 08:56:54,835 basehttp "GET /api/v1/strategies/master/ HTTP/1.1" 200 1236
INFO 2026-01-07 08:56:59,726 basehttp "OPTIONS /api/v1/strategies/sync/ HTTP/1.1" 200 0
INFO 2026-01-07 08:57:08,759 basehttp "GET /api/v1/admin-panel/database/tables/ HTTP/1.1" 200 912
INFO 2026-01-07 08:57:17,676 basehttp "POST /api/v1/admin-panel/database/query/ HTTP/1.1" 200 13514
ERROR 2026-01-07 08:57:20,245 log Internal Server Error: /api/v1/strategies/sync/
Traceback (most recent call last):
  File "/Users/chat360team/Documents/papertrade/papertrade-backend/venv/lib/python3.13/site-packages/django/core/handlers/exception.py", line 55, in inner
    response = get_response(request)
  File "/Users/chat360team/Documents/papertrade/papertrade-backend/venv/lib/python3.13/site-packages/django/core/handlers/base.py", line 197, in _get_response
    response = wrapped_callback(request, *callback_args, **callback_kwargs)
  File "/Users/chat360team/Documents/papertrade/papertrade-backend/venv/lib/python3.13/site-packages/django/views/decorators/csrf.py", line 65, in _view_wrapper
    return view_func(request, *args, **kwargs)
  File "/Users/chat360team/Documents/papertrade/papertrade-backend/venv/lib/python3.13/site-packages/django/views/generic/base.py", line 104, in view
    return self.dispatch(request, *args, **kwargs)
           ~~~~~~~~~~~~~^^^^^^^^^^^^^^^^^^^^^^^^^^
  File "/Users/chat360team/Documents/papertrade/papertrade-backend/venv/lib/python3.13/site-packages/rest_framework/views.py", line 509, in dispatch
    response = self.handle_exception(exc)
  File "/Users/chat360team/Documents/papertrade/papertrade-backend/venv/lib/python3.13/site-packages/rest_framework/views.py", line 469, in handle_exception
    self.raise_uncaught_exception(exc)
    ~~~~~~~~~~~~~~~~~~~~~~~~~~~~~^^^^^
  File "/Users/chat360team/Documents/papertrade/papertrade-backend/venv/lib/python3.13/site-packages/rest_framework/views.py", line 480, in raise_uncaught_exception
    raise exc
  File "/Users/chat360team/Documents/papertrade/papertrade-backend/venv/lib/python3.13/site-packages/rest_framework/views.py", line 506, in dispatch
    response = handler(request, *args, **kwargs)
  File "/Users/chat360team/Documents/papertrade/papertrade-backend/apps/strategies/views.py", line 124, in post
    result = StrategyEngine.run_strategy(
        stock,
    ...<3 lines>...
        end_date=end_date
    )
  File "/Users/chat360team/Documents/papertrade/papertrade-backend/apps/strategies/logic.py", line 712, in run_strategy
    if exit_price < sig.entry_price:
       ^^^^^^^^^^^^^^^^^^^^^^^^^^^^
TypeError: '<' not supported between instances of 'decimal.Decimal' and 'NoneType'
ERROR 2026-01-07 08:57:20,249 basehttp "POST /api/v1/strategies/sync/ HTTP/1.1" 500 113213
INFO 2026-01-07 08:57:42,990 basehttp "POST /api/v1/admin-panel/database/query/ HTTP/1.1" 200 152
INFO 2026-01-07 08:57:51,094 basehttp "POST /api/v1/admin-panel/database/query/ HTTP/1.1" 200 299
INFO 2026-01-07 08:57:54,864 basehttp "GET /api/v1/strategies/master/ HTTP/1.1" 200 1236
INFO 2026-01-07 08:58:46,314 basehttp "POST /api/v1/strategies/sync/ HTTP/1.1" 200 120
INFO 2026-01-07 08:58:56,509 basehttp "GET /api/v1/admin-panel/database/tables/ HTTP/1.1" 200 912
INFO 2026-01-07 08:59:01,202 basehttp "OPTIONS /api/v1/admin-panel/database/tables/strategies_signal/ HTTP/1.1" 200 0
INFO 2026-01-07 08:59:04,392 basehttp "GET /api/v1/admin-panel/database/tables/strategies_signal/ HTTP/1.1" 200 1579
INFO 2026-01-07 08:59:07,979 basehttp "POST /api/v1/admin-panel/database/query/ HTTP/1.1" 200 13672
INFO 2026-01-07 08:59:33,595 basehttp "GET /api/v1/auth/profile HTTP/1.1" 200 339
INFO 2026-01-07 08:59:33,845 basehttp "GET /api/v1/strategies/master/DAILY_CLOSE_MOMENTUM/ HTTP/1.1" 200 479
INFO 2026-01-07 08:59:34,078 basehttp "GET /api/v1/auth/profile HTTP/1.1" 200 339
INFO 2026-01-07 08:59:34,556 basehttp "GET /api/v1/auth/profile HTTP/1.1" 200 339
INFO 2026-01-07 08:59:34,593 basehttp "GET /api/v1/strategies/master/ HTTP/1.1" 200 1236
INFO 2026-01-07 08:59:36,269 basehttp "GET /api/v1/strategies/master/DAILY_CLOSE_MOMENTUM/ HTTP/1.1" 200 479
INFO 2026-01-07 08:59:36,997 basehttp "GET /api/v1/strategies/master/DAILY_CLOSE_MOMENTUM/ HTTP/1.1" 200 479
INFO 2026-01-07 08:59:37,716 basehttp "GET /api/v1/strategies/master/ HTTP/1.1" 200 1236
INFO 2026-01-07 09:00:57,996 basehttp "GET /api/v1/auth/profile HTTP/1.1" 200 339
INFO 2026-01-07 09:00:58,475 basehttp "GET /api/v1/auth/profile HTTP/1.1" 200 339
INFO 2026-01-07 09:00:58,958 basehttp "GET /api/v1/auth/profile HTTP/1.1" 200 339
INFO 2026-01-07 09:01:05,855 basehttp "GET /api/v1/auth/profile HTTP/1.1" 200 339
INFO 2026-01-07 09:01:06,612 basehttp "GET /api/v1/notifications/?limit=5 HTTP/1.1" 200 97
INFO 2026-01-07 09:01:08,022 basehttp "GET /api/v1/auth/profile HTTP/1.1" 200 339
INFO 2026-01-07 09:01:08,503 basehttp "GET /api/v1/auth/profile HTTP/1.1" 200 339
INFO 2026-01-07 09:01:09,231 basehttp "GET /api/v1/notifications/?limit=5 HTTP/1.1" 200 97
INFO 2026-01-07 09:01:10,702 basehttp "GET /api/v1/auth/profile HTTP/1.1" 200 339
INFO 2026-01-07 09:01:14,560 basehttp "GET /api/v1/portfolio/holdings/ HTTP/1.1" 200 2647
INFO 2026-01-07 09:01:20,778 basehttp "GET /api/v1/strategies/rule-based/ HTTP/1.1" 200 415
INFO 2026-01-07 09:01:21,527 basehttp "GET /api/v1/strategies/rule-based/ HTTP/1.1" 200 415
INFO 2026-01-07 09:01:22,908 basehttp "GET /api/v1/portfolio/holdings/ HTTP/1.1" 200 2647
INFO 2026-01-07 09:01:23,224 basehttp "GET /api/v1/strategies/master/ HTTP/1.1" 200 1236
INFO 2026-01-07 09:01:23,938 basehttp "GET /api/v1/strategies/master/ HTTP/1.1" 200 1236
INFO 2026-01-07 09:01:28,190 basehttp "GET /api/v1/strategies/master/DAILY_CLOSE_MOMENTUM/ HTTP/1.1" 200 479
INFO 2026-01-07 09:01:28,927 basehttp "GET /api/v1/strategies/master/DAILY_CLOSE_MOMENTUM/ HTTP/1.1" 200 479
INFO 2026-01-07 09:01:55,882 basehttp "GET /api/v1/strategies/signals/?strategy=DAILY_CLOSE_MOMENTUM&start_date=2025-11-08 HTTP/1.1" 200 13938
INFO 2026-01-07 09:01:59,083 basehttp "GET /api/v1/backtest/runs/?strategy_code=DAILY_CLOSE_MOMENTUM HTTP/1.1" 200 12478
INFO 2026-01-07 09:02:16,588 basehttp "GET /api/v1/strategies/signals/?strategy=DAILY_CLOSE_MOMENTUM&start_date=2025-11-08 HTTP/1.1" 200 13938
INFO 2026-01-07 09:02:21,690 basehttp "GET /api/v1/backtest/runs/?strategy_code=DAILY_CLOSE_MOMENTUM HTTP/1.1" 200 12478
INFO 2026-01-07 09:04:32,689 autoreload /Users/chat360team/Documents/papertrade/papertrade-backend/apps/strategies/views.py changed, reloading.
SETTINGS-DEBUG: Looking for .env at: /Users/chat360team/Documents/papertrade/papertrade-backend/.env
SETTINGS-DEBUG: .env exists: True
SETTINGS-DEBUG: Loaded .env successfully
Performing system checks...

System check identified no issues (0 silenced).
January 07, 2026 - 08:55:20
Django version 5.1.4, using settings 'config.settings'
Starting development server at http://0.0.0.0:8000/
Quit the server with CONTROL-C.

INFO 2026-01-07 09:04:33,435 autoreload Watching for file changes with StatReloader
INFO 2026-01-07 09:04:47,229 basehttp "GET /api/v1/auth/profile HTTP/1.1" 200 339
INFO 2026-01-07 09:04:47,435 basehttp "GET /api/v1/strategies/master/DAILY_CLOSE_MOMENTUM/ HTTP/1.1" 200 479
INFO 2026-01-07 09:04:47,733 basehttp "GET /api/v1/auth/profile HTTP/1.1" 200 339
INFO 2026-01-07 09:04:49,877 basehttp "GET /api/v1/strategies/master/DAILY_CLOSE_MOMENTUM/ HTTP/1.1" 200 479
INFO 2026-01-07 09:05:12,881 basehttp "GET /api/v1/strategies/signals/?strategy=DAILY_CLOSE_MOMENTUM&start_date=2025-11-08 HTTP/1.1" 200 13938
INFO 2026-01-07 09:05:16,106 basehttp "GET /api/v1/backtest/runs/?strategy_code=DAILY_CLOSE_MOMENTUM HTTP/1.1" 200 12478
INFO 2026-01-07 09:05:37,633 basehttp "GET /api/v1/strategies/signals/?strategy=DAILY_CLOSE_MOMENTUM&start_date=2025-11-08 HTTP/1.1" 200 13938
INFO 2026-01-07 09:05:41,137 basehttp "GET /api/v1/backtest/runs/?strategy_code=DAILY_CLOSE_MOMENTUM HTTP/1.1" 200 12478
INFO 2026-01-07 09:05:44,424 basehttp "GET /api/v1/strategies/master/DAILY_CLOSE_MOMENTUM/ HTTP/1.1" 200 479
INFO 2026-01-07 09:05:45,181 basehttp "GET /api/v1/strategies/master/DAILY_CLOSE_MOMENTUM/ HTTP/1.1" 200 479
INFO 2026-01-07 09:05:45,876 basehttp "GET /api/v1/auth/profile HTTP/1.1" 200 339
INFO 2026-01-07 09:05:46,399 basehttp "GET /api/v1/auth/profile HTTP/1.1" 200 339
INFO 2026-01-07 09:06:12,163 basehttp - Broken pipe from ('127.0.0.1', 57658)
INFO 2026-01-07 09:06:21,771 basehttp - Broken pipe from ('127.0.0.1', 57710)
INFO 2026-01-07 09:06:26,623 basehttp "GET /api/v1/auth/profile HTTP/1.1" 200 339
INFO 2026-01-07 09:06:26,874 basehttp "GET /api/v1/strategies/master/DAILY_CLOSE_MOMENTUM/ HTTP/1.1" 200 479
INFO 2026-01-07 09:06:26,892 basehttp "OPTIONS /api/v1/strategies/signals/performance/?strategy=DAILY_CLOSE_MOMENTUM&start_date=2025-11-08 HTTP/1.1" 200 0
INFO 2026-01-07 09:06:27,109 basehttp "GET /api/v1/auth/profile HTTP/1.1" 200 339
INFO 2026-01-07 09:06:27,638 basehttp "GET /api/v1/strategies/signals/performance/?strategy=DAILY_CLOSE_MOMENTUM&start_date=2025-11-08 HTTP/1.1" 200 642
INFO 2026-01-07 09:06:29,355 basehttp "GET /api/v1/strategies/master/DAILY_CLOSE_MOMENTUM/ HTTP/1.1" 200 479
INFO 2026-01-07 09:06:30,127 basehttp "GET /api/v1/strategies/signals/performance/?strategy=DAILY_CLOSE_MOMENTUM&start_date=2025-11-08 HTTP/1.1" 200 642
INFO 2026-01-07 09:06:31,093 basehttp "GET /api/v1/backtest/runs/?strategy_code=DAILY_CLOSE_MOMENTUM HTTP/1.1" 200 12478
INFO 2026-01-07 09:06:34,586 basehttp "GET /api/v1/backtest/runs/?strategy_code=DAILY_CLOSE_MOMENTUM HTTP/1.1" 200 12478
INFO 2026-01-07 09:06:54,070 basehttp "OPTIONS /api/v1/backtest/runs/?page=1&page_size=10 HTTP/1.1" 200 0
INFO 2026-01-07 09:06:54,071 basehttp "OPTIONS /api/v1/backtest/runs/?page=1&page_size=10 HTTP/1.1" 200 0
INFO 2026-01-07 09:06:59,088 basehttp "GET /api/v1/strategies/master/DAILY_CLOSE_MOMENTUM/ HTTP/1.1" 200 479
INFO 2026-01-07 09:06:59,238 basehttp "GET /api/v1/backtest/runs/?page=1&page_size=10 HTTP/1.1" 200 12478
INFO 2026-01-07 09:06:59,839 basehttp "GET /api/v1/strategies/signals/performance/?strategy=DAILY_CLOSE_MOMENTUM&start_date=2025-11-08 HTTP/1.1" 200 642
INFO 2026-01-07 09:07:01,565 basehttp "GET /api/v1/strategies/master/DAILY_CLOSE_MOMENTUM/ HTTP/1.1" 200 479
INFO 2026-01-07 09:07:02,304 basehttp "GET /api/v1/strategies/signals/performance/?strategy=DAILY_CLOSE_MOMENTUM&start_date=2025-11-08 HTTP/1.1" 200 642
INFO 2026-01-07 09:07:03,256 basehttp "GET /api/v1/backtest/runs/?strategy_code=DAILY_CLOSE_MOMENTUM HTTP/1.1" 200 12478
INFO 2026-01-07 09:07:04,320 basehttp "GET /api/v1/backtest/runs/?page=1&page_size=10 HTTP/1.1" 200 12478
INFO 2026-01-07 09:07:06,075 basehttp "OPTIONS /api/v1/strategies/signals/?strategy=DAILY_CLOSE_MOMENTUM&stock=28 HTTP/1.1" 200 0
INFO 2026-01-07 09:07:06,691 basehttp "GET /api/v1/backtest/runs/?strategy_code=DAILY_CLOSE_MOMENTUM HTTP/1.1" 200 12478
INFO 2026-01-07 09:07:20,427 basehttp "GET /api/v1/strategies/signals/?strategy=DAILY_CLOSE_MOMENTUM&stock=28 HTTP/1.1" 200 6500
INFO 2026-01-07 09:08:56,134 autoreload /Users/chat360team/Documents/papertrade/papertrade-backend/apps/strategies/views.py changed, reloading.
SETTINGS-DEBUG: Looking for .env at: /Users/chat360team/Documents/papertrade/papertrade-backend/.env
SETTINGS-DEBUG: .env exists: True
SETTINGS-DEBUG: Loaded .env successfully
Performing system checks...

System check identified no issues (0 silenced).
January 07, 2026 - 09:04:36
Django version 5.1.4, using settings 'config.settings'
Starting development server at http://0.0.0.0:8000/
Quit the server with CONTROL-C.

INFO 2026-01-07 09:08:56,696 autoreload Watching for file changes with StatReloader
INFO 2026-01-07 09:09:41,948 basehttp "GET /api/v1/strategies/master/DAILY_CLOSE_MOMENTUM/ HTTP/1.1" 200 479
INFO 2026-01-07 09:09:42,701 basehttp "GET /api/v1/strategies/master/DAILY_CLOSE_MOMENTUM/ HTTP/1.1" 200 479
INFO 2026-01-07 09:09:44,656 basehttp "GET /api/v1/strategies/signals/performance/?strategy=DAILY_CLOSE_MOMENTUM&start_date=2025-11-08 HTTP/1.1" 200 703
INFO 2026-01-07 09:09:45,650 basehttp "GET /api/v1/strategies/signals/performance/?strategy=DAILY_CLOSE_MOMENTUM&start_date=2025-11-08 HTTP/1.1" 200 703
INFO 2026-01-07 09:09:49,837 basehttp "GET /api/v1/backtest/runs/?strategy_code=DAILY_CLOSE_MOMENTUM HTTP/1.1" 200 12478
INFO 2026-01-07 09:09:55,053 basehttp "GET /api/v1/backtest/runs/?strategy_code=DAILY_CLOSE_MOMENTUM HTTP/1.1" 200 12478
INFO 2026-01-07 09:12:55,688 autoreload /Users/chat360team/Documents/papertrade/papertrade-backend/apps/strategies/views.py changed, reloading.
SETTINGS-DEBUG: Looking for .env at: /Users/chat360team/Documents/papertrade/papertrade-backend/.env
SETTINGS-DEBUG: .env exists: True
SETTINGS-DEBUG: Loaded .env successfully
Performing system checks...

System check identified no issues (0 silenced).
January 07, 2026 - 09:08:59
Django version 5.1.4, using settings 'config.settings'
Starting development server at http://0.0.0.0:8000/
Quit the server with CONTROL-C.

INFO 2026-01-07 09:12:56,291 autoreload Watching for file changes with StatReloader
INFO 2026-01-07 09:12:57,862 autoreload /Users/chat360team/Documents/papertrade/papertrade-backend/apps/strategies/views.py changed, reloading.
SETTINGS-DEBUG: Looking for .env at: /Users/chat360team/Documents/papertrade/papertrade-backend/.env
SETTINGS-DEBUG: .env exists: True
SETTINGS-DEBUG: Loaded .env successfully
Performing system checks...

System check identified no issues (0 silenced).
INFO 2026-01-07 09:12:58,307 autoreload Watching for file changes with StatReloader
INFO 2026-01-07 09:14:20,219 basehttp "GET /api/v1/auth/profile HTTP/1.1" 200 339
INFO 2026-01-07 09:14:20,459 basehttp "GET /api/v1/strategies/master/DAILY_CLOSE_MOMENTUM/ HTTP/1.1" 200 479
INFO 2026-01-07 09:14:21,215 basehttp "GET /api/v1/strategies/master/DAILY_CLOSE_MOMENTUM/ HTTP/1.1" 200 479
INFO 2026-01-07 09:14:22,187 basehttp "GET /api/v1/strategies/signals/performance/?strategy=DAILY_CLOSE_MOMENTUM&start_date=2025-11-08 HTTP/1.1" 200 1019
INFO 2026-01-07 09:14:22,437 basehttp "GET /api/v1/auth/profile HTTP/1.1" 200 339
INFO 2026-01-07 09:14:23,945 basehttp "GET /api/v1/strategies/signals/performance/?strategy=DAILY_CLOSE_MOMENTUM&start_date=2025-11-08 HTTP/1.1" 200 1019
INFO 2026-01-07 09:14:25,404 basehttp "GET /api/v1/backtest/runs/?strategy_code=DAILY_CLOSE_MOMENTUM HTTP/1.1" 200 12478
INFO 2026-01-07 09:14:30,605 basehttp "GET /api/v1/backtest/runs/?strategy_code=DAILY_CLOSE_MOMENTUM HTTP/1.1" 200 12478
INFO 2026-01-07 09:14:41,481 basehttp "GET /api/v1/auth/profile HTTP/1.1" 200 339
INFO 2026-01-07 09:14:41,697 basehttp "GET /api/v1/strategies/master/DAILY_CLOSE_MOMENTUM/ HTTP/1.1" 200 479
INFO 2026-01-07 09:14:42,435 basehttp "GET /api/v1/strategies/master/DAILY_CLOSE_MOMENTUM/ HTTP/1.1" 200 479
INFO 2026-01-07 09:14:43,463 basehttp "GET /api/v1/strategies/signals/performance/?strategy=DAILY_CLOSE_MOMENTUM&start_date=2025-11-08 HTTP/1.1" 200 1019
INFO 2026-01-07 09:14:43,673 basehttp "GET /api/v1/auth/profile HTTP/1.1" 200 339
INFO 2026-01-07 09:14:45,189 basehttp "GET /api/v1/strategies/signals/performance/?strategy=DAILY_CLOSE_MOMENTUM&start_date=2025-11-08 HTTP/1.1" 200 1019
INFO 2026-01-07 09:14:47,073 basehttp "GET /api/v1/backtest/runs/?strategy_code=DAILY_CLOSE_MOMENTUM HTTP/1.1" 200 12478
INFO 2026-01-07 09:14:50,592 basehttp "GET /api/v1/backtest/runs/?strategy_code=DAILY_CLOSE_MOMENTUM HTTP/1.1" 200 12478
INFO 2026-01-07 09:17:27,123 autoreload /Users/chat360team/Documents/papertrade/papertrade-backend/apps/strategies/views.py changed, reloading.
SETTINGS-DEBUG: Looking for .env at: /Users/chat360team/Documents/papertrade/papertrade-backend/.env
SETTINGS-DEBUG: .env exists: True
SETTINGS-DEBUG: Loaded .env successfully
Performing system checks...

System check identified no issues (0 silenced).
January 07, 2026 - 09:13:01
Django version 5.1.4, using settings 'config.settings'
Starting development server at http://0.0.0.0:8000/
Quit the server with CONTROL-C.

INFO 2026-01-07 09:17:27,714 autoreload Watching for file changes with StatReloader
INFO 2026-01-07 09:17:30,569 autoreload /Users/chat360team/Documents/papertrade/papertrade-backend/apps/strategies/views.py changed, reloading.
SETTINGS-DEBUG: Looking for .env at: /Users/chat360team/Documents/papertrade/papertrade-backend/.env
SETTINGS-DEBUG: .env exists: True
SETTINGS-DEBUG: Loaded .env successfully
Performing system checks...

System check identified no issues (0 silenced).
INFO 2026-01-07 09:17:30,876 autoreload Watching for file changes with StatReloader
INFO 2026-01-07 09:17:32,399 autoreload /Users/chat360team/Documents/papertrade/papertrade-backend/apps/strategies/views.py changed, reloading.
SETTINGS-DEBUG: Looking for .env at: /Users/chat360team/Documents/papertrade/papertrade-backend/.env
SETTINGS-DEBUG: .env exists: True
SETTINGS-DEBUG: Loaded .env successfully
Performing system checks...

System check identified no issues (0 silenced).
INFO 2026-01-07 09:17:32,802 autoreload Watching for file changes with StatReloader
WARNING 2026-01-07 09:22:09,389 log Not Found: /api/v1/strategies/master/DAILY_CLOSE_MOMENTUM/
WARNING 2026-01-07 09:22:09,390 basehttp "GET /api/v1/strategies/master/DAILY_CLOSE_MOMENTUM/ HTTP/1.1" 404 127
INFO 2026-01-07 09:22:09,396 basehttp "GET /api/v1/auth/profile HTTP/1.1" 200 339
INFO 2026-01-07 09:22:09,399 basehttp "OPTIONS /api/v1/strategies/signals/performance/?strategy_id=DAILY_CLOSE_MOMENTUM&start_date=2025-11-08 HTTP/1.1" 200 0
INFO 2026-01-07 09:22:10,181 basehttp "GET /api/v1/auth/profile HTTP/1.1" 200 339
WARNING 2026-01-07 09:22:12,037 log Not Found: /api/v1/strategies/master/DAILY_CLOSE_MOMENTUM/
WARNING 2026-01-07 09:22:12,038 basehttp "GET /api/v1/strategies/master/DAILY_CLOSE_MOMENTUM/ HTTP/1.1" 404 127
INFO 2026-01-07 09:22:38,208 basehttp "GET /api/v1/auth/profile HTTP/1.1" 200 339
WARNING 2026-01-07 09:22:38,213 log Not Found: /api/v1/strategies/master/DAILY_CLOSE_MOMENTUM/
WARNING 2026-01-07 09:22:38,215 basehttp "GET /api/v1/strategies/master/DAILY_CLOSE_MOMENTUM/ HTTP/1.1" 404 127
INFO 2026-01-07 09:22:38,838 basehttp "GET /api/v1/auth/profile HTTP/1.1" 200 339
INFO 2026-01-07 09:22:39,576 basehttp "GET /api/v1/strategies/rule-based/ HTTP/1.1" 200 415
INFO 2026-01-07 09:22:40,321 basehttp "GET /api/v1/strategies/rule-based/ HTTP/1.1" 200 415
WARNING 2026-01-07 09:22:40,564 log Not Found: /api/v1/strategies/master/DAILY_CLOSE_MOMENTUM/
WARNING 2026-01-07 09:22:40,564 basehttp "GET /api/v1/strategies/master/DAILY_CLOSE_MOMENTUM/ HTTP/1.1" 404 127
INFO 2026-01-07 09:22:42,026 basehttp "GET /api/v1/strategies/master/ HTTP/1.1" 200 1236
INFO 2026-01-07 09:22:42,769 basehttp "GET /api/v1/strategies/master/ HTTP/1.1" 200 1236
WARNING 2026-01-07 09:22:46,907 log Not Found: /api/v1/strategies/master/DAILY_CLOSE_MOMENTUM/
WARNING 2026-01-07 09:22:46,910 basehttp "GET /api/v1/strategies/master/DAILY_CLOSE_MOMENTUM/ HTTP/1.1" 404 127
WARNING 2026-01-07 09:22:47,400 log Not Found: /api/v1/strategies/master/DAILY_CLOSE_MOMENTUM/
WARNING 2026-01-07 09:22:47,400 basehttp "GET /api/v1/strategies/master/DAILY_CLOSE_MOMENTUM/ HTTP/1.1" 404 127
ERROR 2026-01-07 09:23:02,274 log Internal Server Error: /api/v1/strategies/signals/performance/
Traceback (most recent call last):
  File "/Users/chat360team/Documents/papertrade/papertrade-backend/venv/lib/python3.13/site-packages/django/db/models/fields/__init__.py", line 2123, in get_prep_value
    return int(value)
ValueError: invalid literal for int() with base 10: 'DAILY_CLOSE_MOMENTUM'

The above exception was the direct cause of the following exception:

Traceback (most recent call last):
  File "/Users/chat360team/Documents/papertrade/papertrade-backend/venv/lib/python3.13/site-packages/django/core/handlers/exception.py", line 55, in inner
    response = get_response(request)
  File "/Users/chat360team/Documents/papertrade/papertrade-backend/venv/lib/python3.13/site-packages/django/core/handlers/base.py", line 197, in _get_response
    response = wrapped_callback(request, *callback_args, **callback_kwargs)
  File "/Users/chat360team/Documents/papertrade/papertrade-backend/venv/lib/python3.13/site-packages/django/views/decorators/csrf.py", line 65, in _view_wrapper
    return view_func(request, *args, **kwargs)
  File "/Users/chat360team/Documents/papertrade/papertrade-backend/venv/lib/python3.13/site-packages/rest_framework/viewsets.py", line 125, in view
    return self.dispatch(request, *args, **kwargs)
           ~~~~~~~~~~~~~^^^^^^^^^^^^^^^^^^^^^^^^^^
  File "/Users/chat360team/Documents/papertrade/papertrade-backend/venv/lib/python3.13/site-packages/rest_framework/views.py", line 509, in dispatch
    response = self.handle_exception(exc)
  File "/Users/chat360team/Documents/papertrade/papertrade-backend/venv/lib/python3.13/site-packages/rest_framework/views.py", line 469, in handle_exception
    self.raise_uncaught_exception(exc)
    ~~~~~~~~~~~~~~~~~~~~~~~~~~~~~^^^^^
  File "/Users/chat360team/Documents/papertrade/papertrade-backend/venv/lib/python3.13/site-packages/rest_framework/views.py", line 480, in raise_uncaught_exception
    raise exc
  File "/Users/chat360team/Documents/papertrade/papertrade-backend/venv/lib/python3.13/site-packages/rest_framework/views.py", line 506, in dispatch
    response = handler(request, *args, **kwargs)
  File "/Users/chat360team/Documents/papertrade/papertrade-backend/apps/strategies/views.py", line 95, in performance
    queryset = queryset.filter(strategy_id=strategy_id)
  File "/Users/chat360team/Documents/papertrade/papertrade-backend/venv/lib/python3.13/site-packages/django/db/models/query.py", line 1476, in filter
    return self._filter_or_exclude(False, args, kwargs)
           ~~~~~~~~~~~~~~~~~~~~~~~^^^^^^^^^^^^^^^^^^^^^
  File "/Users/chat360team/Documents/papertrade/papertrade-backend/venv/lib/python3.13/site-packages/django/db/models/query.py", line 1494, in _filter_or_exclude
    clone._filter_or_exclude_inplace(negate, args, kwargs)
    ~~~~~~~~~~~~~~~~~~~~~~~~~~~~~~~~^^^^^^^^^^^^^^^^^^^^^^
  File "/Users/chat360team/Documents/papertrade/papertrade-backend/venv/lib/python3.13/site-packages/django/db/models/query.py", line 1501, in _filter_or_exclude_inplace
    self._query.add_q(Q(*args, **kwargs))
    ~~~~~~~~~~~~~~~~~^^^^^^^^^^^^^^^^^^^^
  File "/Users/chat360team/Documents/papertrade/papertrade-backend/venv/lib/python3.13/site-packages/django/db/models/sql/query.py", line 1609, in add_q
    clause, _ = self._add_q(q_object, self.used_aliases)
                ~~~~~~~~~~~^^^^^^^^^^^^^^^^^^^^^^^^^^^^^
  File "/Users/chat360team/Documents/papertrade/papertrade-backend/venv/lib/python3.13/site-packages/django/db/models/sql/query.py", line 1641, in _add_q
    child_clause, needed_inner = self.build_filter(
                                 ~~~~~~~~~~~~~~~~~^
        child,
        ^^^^^^
    ...<7 lines>...
        update_join_types=update_join_types,
        ^^^^^^^^^^^^^^^^^^^^^^^^^^^^^^^^^^^^
    )
    ^
  File "/Users/chat360team/Documents/papertrade/papertrade-backend/venv/lib/python3.13/site-packages/django/db/models/sql/query.py", line 1555, in build_filter
    condition = self.build_lookup(lookups, col, value)
  File "/Users/chat360team/Documents/papertrade/papertrade-backend/venv/lib/python3.13/site-packages/django/db/models/sql/query.py", line 1385, in build_lookup
    lookup = lookup_class(lhs, rhs)
  File "/Users/chat360team/Documents/papertrade/papertrade-backend/venv/lib/python3.13/site-packages/django/db/models/lookups.py", line 30, in __init__
    self.rhs = self.get_prep_lookup()
               ~~~~~~~~~~~~~~~~~~~~^^
  File "/Users/chat360team/Documents/papertrade/papertrade-backend/venv/lib/python3.13/site-packages/django/db/models/fields/related_lookups.py", line 156, in get_prep_lookup
    self.rhs = target_field.get_prep_value(self.rhs)
               ~~~~~~~~~~~~~~~~~~~~~~~~~~~^^^^^^^^^^
  File "/Users/chat360team/Documents/papertrade/papertrade-backend/venv/lib/python3.13/site-packages/django/db/models/fields/__init__.py", line 2125, in get_prep_value
    raise e.__class__(
        "Field '%s' expected a number but got %r." % (self.name, value),
    ) from e
ValueError: Field 'id' expected a number but got 'DAILY_CLOSE_MOMENTUM'.
ERROR 2026-01-07 09:23:02,284 basehttp "GET /api/v1/strategies/signals/performance/?strategy_id=DAILY_CLOSE_MOMENTUM&start_date=2025-11-08 HTTP/1.1" 500 163366
INFO 2026-01-07 09:23:02,285 basehttp - Broken pipe from ('127.0.0.1', 60563)
INFO 2026-01-07 09:23:09,077 basehttp "GET /api/v1/strategies/rule-based/ HTTP/1.1" 200 415
INFO 2026-01-07 09:23:09,840 basehttp "GET /api/v1/strategies/master/ HTTP/1.1" 200 1236
INFO 2026-01-07 09:23:11,560 basehttp "GET /api/v1/strategies/rule-based/ HTTP/1.1" 200 415
INFO 2026-01-07 09:23:12,320 basehttp "GET /api/v1/strategies/master/ HTTP/1.1" 200 1236
ERROR 2026-01-07 09:23:25,872 log Internal Server Error: /api/v1/strategies/signals/performance/
Traceback (most recent call last):
  File "/Users/chat360team/Documents/papertrade/papertrade-backend/venv/lib/python3.13/site-packages/django/db/models/fields/__init__.py", line 2123, in get_prep_value
    return int(value)
ValueError: invalid literal for int() with base 10: 'DAILY_CLOSE_MOMENTUM'

The above exception was the direct cause of the following exception:

Traceback (most recent call last):
  File "/Users/chat360team/Documents/papertrade/papertrade-backend/venv/lib/python3.13/site-packages/django/core/handlers/exception.py", line 55, in inner
    response = get_response(request)
  File "/Users/chat360team/Documents/papertrade/papertrade-backend/venv/lib/python3.13/site-packages/django/core/handlers/base.py", line 197, in _get_response
    response = wrapped_callback(request, *callback_args, **callback_kwargs)
  File "/Users/chat360team/Documents/papertrade/papertrade-backend/venv/lib/python3.13/site-packages/django/views/decorators/csrf.py", line 65, in _view_wrapper
    return view_func(request, *args, **kwargs)
  File "/Users/chat360team/Documents/papertrade/papertrade-backend/venv/lib/python3.13/site-packages/rest_framework/viewsets.py", line 125, in view
    return self.dispatch(request, *args, **kwargs)
           ~~~~~~~~~~~~~^^^^^^^^^^^^^^^^^^^^^^^^^^
  File "/Users/chat360team/Documents/papertrade/papertrade-backend/venv/lib/python3.13/site-packages/rest_framework/views.py", line 509, in dispatch
    response = self.handle_exception(exc)
  File "/Users/chat360team/Documents/papertrade/papertrade-backend/venv/lib/python3.13/site-packages/rest_framework/views.py", line 469, in handle_exception
    self.raise_uncaught_exception(exc)
    ~~~~~~~~~~~~~~~~~~~~~~~~~~~~~^^^^^
  File "/Users/chat360team/Documents/papertrade/papertrade-backend/venv/lib/python3.13/site-packages/rest_framework/views.py", line 480, in raise_uncaught_exception
    raise exc
  File "/Users/chat360team/Documents/papertrade/papertrade-backend/venv/lib/python3.13/site-packages/rest_framework/views.py", line 506, in dispatch
    response = handler(request, *args, **kwargs)
  File "/Users/chat360team/Documents/papertrade/papertrade-backend/apps/strategies/views.py", line 95, in performance
    queryset = queryset.filter(strategy_id=strategy_id)
  File "/Users/chat360team/Documents/papertrade/papertrade-backend/venv/lib/python3.13/site-packages/django/db/models/query.py", line 1476, in filter
    return self._filter_or_exclude(False, args, kwargs)
           ~~~~~~~~~~~~~~~~~~~~~~~^^^^^^^^^^^^^^^^^^^^^
  File "/Users/chat360team/Documents/papertrade/papertrade-backend/venv/lib/python3.13/site-packages/django/db/models/query.py", line 1494, in _filter_or_exclude
    clone._filter_or_exclude_inplace(negate, args, kwargs)
    ~~~~~~~~~~~~~~~~~~~~~~~~~~~~~~~~^^^^^^^^^^^^^^^^^^^^^^
  File "/Users/chat360team/Documents/papertrade/papertrade-backend/venv/lib/python3.13/site-packages/django/db/models/query.py", line 1501, in _filter_or_exclude_inplace
    self._query.add_q(Q(*args, **kwargs))
    ~~~~~~~~~~~~~~~~~^^^^^^^^^^^^^^^^^^^^
  File "/Users/chat360team/Documents/papertrade/papertrade-backend/venv/lib/python3.13/site-packages/django/db/models/sql/query.py", line 1609, in add_q
    clause, _ = self._add_q(q_object, self.used_aliases)
                ~~~~~~~~~~~^^^^^^^^^^^^^^^^^^^^^^^^^^^^^
  File "/Users/chat360team/Documents/papertrade/papertrade-backend/venv/lib/python3.13/site-packages/django/db/models/sql/query.py", line 1641, in _add_q
    child_clause, needed_inner = self.build_filter(
                                 ~~~~~~~~~~~~~~~~~^
        child,
        ^^^^^^
    ...<7 lines>...
        update_join_types=update_join_types,
        ^^^^^^^^^^^^^^^^^^^^^^^^^^^^^^^^^^^^
    )
    ^
  File "/Users/chat360team/Documents/papertrade/papertrade-backend/venv/lib/python3.13/site-packages/django/db/models/sql/query.py", line 1555, in build_filter
    condition = self.build_lookup(lookups, col, value)
  File "/Users/chat360team/Documents/papertrade/papertrade-backend/venv/lib/python3.13/site-packages/django/db/models/sql/query.py", line 1385, in build_lookup
    lookup = lookup_class(lhs, rhs)
  File "/Users/chat360team/Documents/papertrade/papertrade-backend/venv/lib/python3.13/site-packages/django/db/models/lookups.py", line 30, in __init__
    self.rhs = self.get_prep_lookup()
               ~~~~~~~~~~~~~~~~~~~~^^
  File "/Users/chat360team/Documents/papertrade/papertrade-backend/venv/lib/python3.13/site-packages/django/db/models/fields/related_lookups.py", line 156, in get_prep_lookup
    self.rhs = target_field.get_prep_value(self.rhs)
               ~~~~~~~~~~~~~~~~~~~~~~~~~~~^^^^^^^^^^
  File "/Users/chat360team/Documents/papertrade/papertrade-backend/venv/lib/python3.13/site-packages/django/db/models/fields/__init__.py", line 2125, in get_prep_value
    raise e.__class__(
        "Field '%s' expected a number but got %r." % (self.name, value),
    ) from e
ValueError: Field 'id' expected a number but got 'DAILY_CLOSE_MOMENTUM'.
ERROR 2026-01-07 09:23:25,877 basehttp "GET /api/v1/strategies/signals/performance/?strategy_id=DAILY_CLOSE_MOMENTUM&start_date=2025-11-08 HTTP/1.1" 500 163366
INFO 2026-01-07 09:23:25,877 basehttp - Broken pipe from ('127.0.0.1', 60579)
ERROR 2026-01-07 09:23:30,780 log Internal Server Error: /api/v1/strategies/signals/performance/
Traceback (most recent call last):
  File "/Users/chat360team/Documents/papertrade/papertrade-backend/venv/lib/python3.13/site-packages/django/db/models/fields/__init__.py", line 2123, in get_prep_value
    return int(value)
ValueError: invalid literal for int() with base 10: 'DAILY_CLOSE_MOMENTUM'

The above exception was the direct cause of the following exception:

Traceback (most recent call last):
  File "/Users/chat360team/Documents/papertrade/papertrade-backend/venv/lib/python3.13/site-packages/django/core/handlers/exception.py", line 55, in inner
    response = get_response(request)
  File "/Users/chat360team/Documents/papertrade/papertrade-backend/venv/lib/python3.13/site-packages/django/core/handlers/base.py", line 197, in _get_response
    response = wrapped_callback(request, *callback_args, **callback_kwargs)
  File "/Users/chat360team/Documents/papertrade/papertrade-backend/venv/lib/python3.13/site-packages/django/views/decorators/csrf.py", line 65, in _view_wrapper
    return view_func(request, *args, **kwargs)
  File "/Users/chat360team/Documents/papertrade/papertrade-backend/venv/lib/python3.13/site-packages/rest_framework/viewsets.py", line 125, in view
    return self.dispatch(request, *args, **kwargs)
           ~~~~~~~~~~~~~^^^^^^^^^^^^^^^^^^^^^^^^^^
  File "/Users/chat360team/Documents/papertrade/papertrade-backend/venv/lib/python3.13/site-packages/rest_framework/views.py", line 509, in dispatch
    response = self.handle_exception(exc)
  File "/Users/chat360team/Documents/papertrade/papertrade-backend/venv/lib/python3.13/site-packages/rest_framework/views.py", line 469, in handle_exception
    self.raise_uncaught_exception(exc)
    ~~~~~~~~~~~~~~~~~~~~~~~~~~~~~^^^^^
  File "/Users/chat360team/Documents/papertrade/papertrade-backend/venv/lib/python3.13/site-packages/rest_framework/views.py", line 480, in raise_uncaught_exception
    raise exc
  File "/Users/chat360team/Documents/papertrade/papertrade-backend/venv/lib/python3.13/site-packages/rest_framework/views.py", line 506, in dispatch
    response = handler(request, *args, **kwargs)
  File "/Users/chat360team/Documents/papertrade/papertrade-backend/apps/strategies/views.py", line 95, in performance
    queryset = queryset.filter(strategy_id=strategy_id)
  File "/Users/chat360team/Documents/papertrade/papertrade-backend/venv/lib/python3.13/site-packages/django/db/models/query.py", line 1476, in filter
    return self._filter_or_exclude(False, args, kwargs)
           ~~~~~~~~~~~~~~~~~~~~~~~^^^^^^^^^^^^^^^^^^^^^
  File "/Users/chat360team/Documents/papertrade/papertrade-backend/venv/lib/python3.13/site-packages/django/db/models/query.py", line 1494, in _filter_or_exclude
    clone._filter_or_exclude_inplace(negate, args, kwargs)
    ~~~~~~~~~~~~~~~~~~~~~~~~~~~~~~~~^^^^^^^^^^^^^^^^^^^^^^
  File "/Users/chat360team/Documents/papertrade/papertrade-backend/venv/lib/python3.13/site-packages/django/db/models/query.py", line 1501, in _filter_or_exclude_inplace
    self._query.add_q(Q(*args, **kwargs))
    ~~~~~~~~~~~~~~~~~^^^^^^^^^^^^^^^^^^^^
  File "/Users/chat360team/Documents/papertrade/papertrade-backend/venv/lib/python3.13/site-packages/django/db/models/sql/query.py", line 1609, in add_q
    clause, _ = self._add_q(q_object, self.used_aliases)
                ~~~~~~~~~~~^^^^^^^^^^^^^^^^^^^^^^^^^^^^^
  File "/Users/chat360team/Documents/papertrade/papertrade-backend/venv/lib/python3.13/site-packages/django/db/models/sql/query.py", line 1641, in _add_q
    child_clause, needed_inner = self.build_filter(
                                 ~~~~~~~~~~~~~~~~~^
        child,
        ^^^^^^
    ...<7 lines>...
        update_join_types=update_join_types,
        ^^^^^^^^^^^^^^^^^^^^^^^^^^^^^^^^^^^^
    )
    ^
  File "/Users/chat360team/Documents/papertrade/papertrade-backend/venv/lib/python3.13/site-packages/django/db/models/sql/query.py", line 1555, in build_filter
    condition = self.build_lookup(lookups, col, value)
  File "/Users/chat360team/Documents/papertrade/papertrade-backend/venv/lib/python3.13/site-packages/django/db/models/sql/query.py", line 1385, in build_lookup
    lookup = lookup_class(lhs, rhs)
  File "/Users/chat360team/Documents/papertrade/papertrade-backend/venv/lib/python3.13/site-packages/django/db/models/lookups.py", line 30, in __init__
    self.rhs = self.get_prep_lookup()
               ~~~~~~~~~~~~~~~~~~~~^^
  File "/Users/chat360team/Documents/papertrade/papertrade-backend/venv/lib/python3.13/site-packages/django/db/models/fields/related_lookups.py", line 156, in get_prep_lookup
    self.rhs = target_field.get_prep_value(self.rhs)
               ~~~~~~~~~~~~~~~~~~~~~~~~~~~^^^^^^^^^^
  File "/Users/chat360team/Documents/papertrade/papertrade-backend/venv/lib/python3.13/site-packages/django/db/models/fields/__init__.py", line 2125, in get_prep_value
    raise e.__class__(
        "Field '%s' expected a number but got %r." % (self.name, value),
    ) from e
ValueError: Field 'id' expected a number but got 'DAILY_CLOSE_MOMENTUM'.
ERROR 2026-01-07 09:23:30,785 basehttp "GET /api/v1/strategies/signals/performance/?strategy_id=DAILY_CLOSE_MOMENTUM&start_date=2025-11-08 HTTP/1.1" 500 163366
ERROR 2026-01-07 09:23:54,782 log Internal Server Error: /api/v1/strategies/signals/performance/
Traceback (most recent call last):
  File "/Users/chat360team/Documents/papertrade/papertrade-backend/venv/lib/python3.13/site-packages/django/db/models/fields/__init__.py", line 2123, in get_prep_value
    return int(value)
ValueError: invalid literal for int() with base 10: 'DAILY_CLOSE_MOMENTUM'

The above exception was the direct cause of the following exception:

Traceback (most recent call last):
  File "/Users/chat360team/Documents/papertrade/papertrade-backend/venv/lib/python3.13/site-packages/django/core/handlers/exception.py", line 55, in inner
    response = get_response(request)
  File "/Users/chat360team/Documents/papertrade/papertrade-backend/venv/lib/python3.13/site-packages/django/core/handlers/base.py", line 197, in _get_response
    response = wrapped_callback(request, *callback_args, **callback_kwargs)
  File "/Users/chat360team/Documents/papertrade/papertrade-backend/venv/lib/python3.13/site-packages/django/views/decorators/csrf.py", line 65, in _view_wrapper
    return view_func(request, *args, **kwargs)
  File "/Users/chat360team/Documents/papertrade/papertrade-backend/venv/lib/python3.13/site-packages/rest_framework/viewsets.py", line 125, in view
    return self.dispatch(request, *args, **kwargs)
           ~~~~~~~~~~~~~^^^^^^^^^^^^^^^^^^^^^^^^^^
  File "/Users/chat360team/Documents/papertrade/papertrade-backend/venv/lib/python3.13/site-packages/rest_framework/views.py", line 509, in dispatch
    response = self.handle_exception(exc)
  File "/Users/chat360team/Documents/papertrade/papertrade-backend/venv/lib/python3.13/site-packages/rest_framework/views.py", line 469, in handle_exception
    self.raise_uncaught_exception(exc)
    ~~~~~~~~~~~~~~~~~~~~~~~~~~~~~^^^^^
  File "/Users/chat360team/Documents/papertrade/papertrade-backend/venv/lib/python3.13/site-packages/rest_framework/views.py", line 480, in raise_uncaught_exception
    raise exc
  File "/Users/chat360team/Documents/papertrade/papertrade-backend/venv/lib/python3.13/site-packages/rest_framework/views.py", line 506, in dispatch
    response = handler(request, *args, **kwargs)
  File "/Users/chat360team/Documents/papertrade/papertrade-backend/apps/strategies/views.py", line 95, in performance
    queryset = queryset.filter(strategy_id=strategy_id)
  File "/Users/chat360team/Documents/papertrade/papertrade-backend/venv/lib/python3.13/site-packages/django/db/models/query.py", line 1476, in filter
    return self._filter_or_exclude(False, args, kwargs)
           ~~~~~~~~~~~~~~~~~~~~~~~^^^^^^^^^^^^^^^^^^^^^
  File "/Users/chat360team/Documents/papertrade/papertrade-backend/venv/lib/python3.13/site-packages/django/db/models/query.py", line 1494, in _filter_or_exclude
    clone._filter_or_exclude_inplace(negate, args, kwargs)
    ~~~~~~~~~~~~~~~~~~~~~~~~~~~~~~~~^^^^^^^^^^^^^^^^^^^^^^
  File "/Users/chat360team/Documents/papertrade/papertrade-backend/venv/lib/python3.13/site-packages/django/db/models/query.py", line 1501, in _filter_or_exclude_inplace
    self._query.add_q(Q(*args, **kwargs))
    ~~~~~~~~~~~~~~~~~^^^^^^^^^^^^^^^^^^^^
  File "/Users/chat360team/Documents/papertrade/papertrade-backend/venv/lib/python3.13/site-packages/django/db/models/sql/query.py", line 1609, in add_q
    clause, _ = self._add_q(q_object, self.used_aliases)
                ~~~~~~~~~~~^^^^^^^^^^^^^^^^^^^^^^^^^^^^^
  File "/Users/chat360team/Documents/papertrade/papertrade-backend/venv/lib/python3.13/site-packages/django/db/models/sql/query.py", line 1641, in _add_q
    child_clause, needed_inner = self.build_filter(
                                 ~~~~~~~~~~~~~~~~~^
        child,
        ^^^^^^
    ...<7 lines>...
        update_join_types=update_join_types,
        ^^^^^^^^^^^^^^^^^^^^^^^^^^^^^^^^^^^^
    )
    ^
  File "/Users/chat360team/Documents/papertrade/papertrade-backend/venv/lib/python3.13/site-packages/django/db/models/sql/query.py", line 1555, in build_filter
    condition = self.build_lookup(lookups, col, value)
  File "/Users/chat360team/Documents/papertrade/papertrade-backend/venv/lib/python3.13/site-packages/django/db/models/sql/query.py", line 1385, in build_lookup
    lookup = lookup_class(lhs, rhs)
  File "/Users/chat360team/Documents/papertrade/papertrade-backend/venv/lib/python3.13/site-packages/django/db/models/lookups.py", line 30, in __init__
    self.rhs = self.get_prep_lookup()
               ~~~~~~~~~~~~~~~~~~~~^^
  File "/Users/chat360team/Documents/papertrade/papertrade-backend/venv/lib/python3.13/site-packages/django/db/models/fields/related_lookups.py", line 156, in get_prep_lookup
    self.rhs = target_field.get_prep_value(self.rhs)
               ~~~~~~~~~~~~~~~~~~~~~~~~~~~^^^^^^^^^^
  File "/Users/chat360team/Documents/papertrade/papertrade-backend/venv/lib/python3.13/site-packages/django/db/models/fields/__init__.py", line 2125, in get_prep_value
    raise e.__class__(
        "Field '%s' expected a number but got %r." % (self.name, value),
    ) from e
ValueError: Field 'id' expected a number but got 'DAILY_CLOSE_MOMENTUM'.
ERROR 2026-01-07 09:23:54,786 basehttp "GET /api/v1/strategies/signals/performance/?strategy_id=DAILY_CLOSE_MOMENTUM&start_date=2025-11-08 HTTP/1.1" 500 163366
ERROR 2026-01-07 09:24:01,279 log Internal Server Error: /api/v1/strategies/signals/performance/
Traceback (most recent call last):
  File "/Users/chat360team/Documents/papertrade/papertrade-backend/venv/lib/python3.13/site-packages/django/db/models/fields/__init__.py", line 2123, in get_prep_value
    return int(value)
ValueError: invalid literal for int() with base 10: 'DAILY_CLOSE_MOMENTUM'

The above exception was the direct cause of the following exception:

Traceback (most recent call last):
  File "/Users/chat360team/Documents/papertrade/papertrade-backend/venv/lib/python3.13/site-packages/django/core/handlers/exception.py", line 55, in inner
    response = get_response(request)
  File "/Users/chat360team/Documents/papertrade/papertrade-backend/venv/lib/python3.13/site-packages/django/core/handlers/base.py", line 197, in _get_response
    response = wrapped_callback(request, *callback_args, **callback_kwargs)
  File "/Users/chat360team/Documents/papertrade/papertrade-backend/venv/lib/python3.13/site-packages/django/views/decorators/csrf.py", line 65, in _view_wrapper
    return view_func(request, *args, **kwargs)
  File "/Users/chat360team/Documents/papertrade/papertrade-backend/venv/lib/python3.13/site-packages/rest_framework/viewsets.py", line 125, in view
    return self.dispatch(request, *args, **kwargs)
           ~~~~~~~~~~~~~^^^^^^^^^^^^^^^^^^^^^^^^^^
  File "/Users/chat360team/Documents/papertrade/papertrade-backend/venv/lib/python3.13/site-packages/rest_framework/views.py", line 509, in dispatch
    response = self.handle_exception(exc)
  File "/Users/chat360team/Documents/papertrade/papertrade-backend/venv/lib/python3.13/site-packages/rest_framework/views.py", line 469, in handle_exception
    self.raise_uncaught_exception(exc)
    ~~~~~~~~~~~~~~~~~~~~~~~~~~~~~^^^^^
  File "/Users/chat360team/Documents/papertrade/papertrade-backend/venv/lib/python3.13/site-packages/rest_framework/views.py", line 480, in raise_uncaught_exception
    raise exc
  File "/Users/chat360team/Documents/papertrade/papertrade-backend/venv/lib/python3.13/site-packages/rest_framework/views.py", line 506, in dispatch
    response = handler(request, *args, **kwargs)
  File "/Users/chat360team/Documents/papertrade/papertrade-backend/apps/strategies/views.py", line 95, in performance
    queryset = queryset.filter(strategy_id=strategy_id)
  File "/Users/chat360team/Documents/papertrade/papertrade-backend/venv/lib/python3.13/site-packages/django/db/models/query.py", line 1476, in filter
    return self._filter_or_exclude(False, args, kwargs)
           ~~~~~~~~~~~~~~~~~~~~~~~^^^^^^^^^^^^^^^^^^^^^
  File "/Users/chat360team/Documents/papertrade/papertrade-backend/venv/lib/python3.13/site-packages/django/db/models/query.py", line 1494, in _filter_or_exclude
    clone._filter_or_exclude_inplace(negate, args, kwargs)
    ~~~~~~~~~~~~~~~~~~~~~~~~~~~~~~~~^^^^^^^^^^^^^^^^^^^^^^
  File "/Users/chat360team/Documents/papertrade/papertrade-backend/venv/lib/python3.13/site-packages/django/db/models/query.py", line 1501, in _filter_or_exclude_inplace
    self._query.add_q(Q(*args, **kwargs))
    ~~~~~~~~~~~~~~~~~^^^^^^^^^^^^^^^^^^^^
  File "/Users/chat360team/Documents/papertrade/papertrade-backend/venv/lib/python3.13/site-packages/django/db/models/sql/query.py", line 1609, in add_q
    clause, _ = self._add_q(q_object, self.used_aliases)
                ~~~~~~~~~~~^^^^^^^^^^^^^^^^^^^^^^^^^^^^^
  File "/Users/chat360team/Documents/papertrade/papertrade-backend/venv/lib/python3.13/site-packages/django/db/models/sql/query.py", line 1641, in _add_q
    child_clause, needed_inner = self.build_filter(
                                 ~~~~~~~~~~~~~~~~~^
        child,
        ^^^^^^
    ...<7 lines>...
        update_join_types=update_join_types,
        ^^^^^^^^^^^^^^^^^^^^^^^^^^^^^^^^^^^^
    )
    ^
  File "/Users/chat360team/Documents/papertrade/papertrade-backend/venv/lib/python3.13/site-packages/django/db/models/sql/query.py", line 1555, in build_filter
    condition = self.build_lookup(lookups, col, value)
  File "/Users/chat360team/Documents/papertrade/papertrade-backend/venv/lib/python3.13/site-packages/django/db/models/sql/query.py", line 1385, in build_lookup
    lookup = lookup_class(lhs, rhs)
  File "/Users/chat360team/Documents/papertrade/papertrade-backend/venv/lib/python3.13/site-packages/django/db/models/lookups.py", line 30, in __init__
    self.rhs = self.get_prep_lookup()
               ~~~~~~~~~~~~~~~~~~~~^^
  File "/Users/chat360team/Documents/papertrade/papertrade-backend/venv/lib/python3.13/site-packages/django/db/models/fields/related_lookups.py", line 156, in get_prep_lookup
    self.rhs = target_field.get_prep_value(self.rhs)
               ~~~~~~~~~~~~~~~~~~~~~~~~~~~^^^^^^^^^^
  File "/Users/chat360team/Documents/papertrade/papertrade-backend/venv/lib/python3.13/site-packages/django/db/models/fields/__init__.py", line 2125, in get_prep_value
    raise e.__class__(
        "Field '%s' expected a number but got %r." % (self.name, value),
    ) from e
ValueError: Field 'id' expected a number but got 'DAILY_CLOSE_MOMENTUM'.
ERROR 2026-01-07 09:24:01,285 basehttp "GET /api/v1/strategies/signals/performance/?strategy_id=DAILY_CLOSE_MOMENTUM&start_date=2025-11-08 HTTP/1.1" 500 163366
ERROR 2026-01-07 09:24:01,803 log Internal Server Error: /api/v1/strategies/signals/performance/
Traceback (most recent call last):
  File "/Users/chat360team/Documents/papertrade/papertrade-backend/venv/lib/python3.13/site-packages/django/db/models/fields/__init__.py", line 2123, in get_prep_value
    return int(value)
ValueError: invalid literal for int() with base 10: 'DAILY_CLOSE_MOMENTUM'

The above exception was the direct cause of the following exception:

Traceback (most recent call last):
  File "/Users/chat360team/Documents/papertrade/papertrade-backend/venv/lib/python3.13/site-packages/django/core/handlers/exception.py", line 55, in inner
    response = get_response(request)
  File "/Users/chat360team/Documents/papertrade/papertrade-backend/venv/lib/python3.13/site-packages/django/core/handlers/base.py", line 197, in _get_response
    response = wrapped_callback(request, *callback_args, **callback_kwargs)
  File "/Users/chat360team/Documents/papertrade/papertrade-backend/venv/lib/python3.13/site-packages/django/views/decorators/csrf.py", line 65, in _view_wrapper
    return view_func(request, *args, **kwargs)
  File "/Users/chat360team/Documents/papertrade/papertrade-backend/venv/lib/python3.13/site-packages/rest_framework/viewsets.py", line 125, in view
    return self.dispatch(request, *args, **kwargs)
           ~~~~~~~~~~~~~^^^^^^^^^^^^^^^^^^^^^^^^^^
  File "/Users/chat360team/Documents/papertrade/papertrade-backend/venv/lib/python3.13/site-packages/rest_framework/views.py", line 509, in dispatch
    response = self.handle_exception(exc)
  File "/Users/chat360team/Documents/papertrade/papertrade-backend/venv/lib/python3.13/site-packages/rest_framework/views.py", line 469, in handle_exception
    self.raise_uncaught_exception(exc)
    ~~~~~~~~~~~~~~~~~~~~~~~~~~~~~^^^^^
  File "/Users/chat360team/Documents/papertrade/papertrade-backend/venv/lib/python3.13/site-packages/rest_framework/views.py", line 480, in raise_uncaught_exception
    raise exc
  File "/Users/chat360team/Documents/papertrade/papertrade-backend/venv/lib/python3.13/site-packages/rest_framework/views.py", line 506, in dispatch
    response = handler(request, *args, **kwargs)
  File "/Users/chat360team/Documents/papertrade/papertrade-backend/apps/strategies/views.py", line 95, in performance
    queryset = queryset.filter(strategy_id=strategy_id)
  File "/Users/chat360team/Documents/papertrade/papertrade-backend/venv/lib/python3.13/site-packages/django/db/models/query.py", line 1476, in filter
    return self._filter_or_exclude(False, args, kwargs)
           ~~~~~~~~~~~~~~~~~~~~~~~^^^^^^^^^^^^^^^^^^^^^
  File "/Users/chat360team/Documents/papertrade/papertrade-backend/venv/lib/python3.13/site-packages/django/db/models/query.py", line 1494, in _filter_or_exclude
    clone._filter_or_exclude_inplace(negate, args, kwargs)
    ~~~~~~~~~~~~~~~~~~~~~~~~~~~~~~~~^^^^^^^^^^^^^^^^^^^^^^
  File "/Users/chat360team/Documents/papertrade/papertrade-backend/venv/lib/python3.13/site-packages/django/db/models/query.py", line 1501, in _filter_or_exclude_inplace
    self._query.add_q(Q(*args, **kwargs))
    ~~~~~~~~~~~~~~~~~^^^^^^^^^^^^^^^^^^^^
  File "/Users/chat360team/Documents/papertrade/papertrade-backend/venv/lib/python3.13/site-packages/django/db/models/sql/query.py", line 1609, in add_q
    clause, _ = self._add_q(q_object, self.used_aliases)
                ~~~~~~~~~~~^^^^^^^^^^^^^^^^^^^^^^^^^^^^^
  File "/Users/chat360team/Documents/papertrade/papertrade-backend/venv/lib/python3.13/site-packages/django/db/models/sql/query.py", line 1641, in _add_q
    child_clause, needed_inner = self.build_filter(
                                 ~~~~~~~~~~~~~~~~~^
        child,
        ^^^^^^
    ...<7 lines>...
        update_join_types=update_join_types,
        ^^^^^^^^^^^^^^^^^^^^^^^^^^^^^^^^^^^^
    )
    ^
  File "/Users/chat360team/Documents/papertrade/papertrade-backend/venv/lib/python3.13/site-packages/django/db/models/sql/query.py", line 1555, in build_filter
    condition = self.build_lookup(lookups, col, value)
  File "/Users/chat360team/Documents/papertrade/papertrade-backend/venv/lib/python3.13/site-packages/django/db/models/sql/query.py", line 1385, in build_lookup
    lookup = lookup_class(lhs, rhs)
  File "/Users/chat360team/Documents/papertrade/papertrade-backend/venv/lib/python3.13/site-packages/django/db/models/lookups.py", line 30, in __init__
    self.rhs = self.get_prep_lookup()
               ~~~~~~~~~~~~~~~~~~~~^^
  File "/Users/chat360team/Documents/papertrade/papertrade-backend/venv/lib/python3.13/site-packages/django/db/models/fields/related_lookups.py", line 156, in get_prep_lookup
    self.rhs = target_field.get_prep_value(self.rhs)
               ~~~~~~~~~~~~~~~~~~~~~~~~~~~^^^^^^^^^^
  File "/Users/chat360team/Documents/papertrade/papertrade-backend/venv/lib/python3.13/site-packages/django/db/models/fields/__init__.py", line 2125, in get_prep_value
    raise e.__class__(
        "Field '%s' expected a number but got %r." % (self.name, value),
    ) from e
ValueError: Field 'id' expected a number but got 'DAILY_CLOSE_MOMENTUM'.
ERROR 2026-01-07 09:24:01,806 basehttp "GET /api/v1/strategies/signals/performance/?strategy_id=DAILY_CLOSE_MOMENTUM&start_date=2025-11-08 HTTP/1.1" 500 163366
INFO 2026-01-07 09:25:08,480 basehttp "GET /api/v1/strategies/rule-based/ HTTP/1.1" 200 415
INFO 2026-01-07 09:25:09,214 basehttp "GET /api/v1/strategies/master/ HTTP/1.1" 200 1236
INFO 2026-01-07 09:25:10,931 basehttp "GET /api/v1/strategies/rule-based/ HTTP/1.1" 200 415
INFO 2026-01-07 09:25:11,697 basehttp "GET /api/v1/strategies/master/ HTTP/1.1" 200 1236
INFO 2026-01-07 09:25:11,936 basehttp "OPTIONS /api/v1/strategies/master/18/ HTTP/1.1" 200 0
INFO 2026-01-07 09:25:11,936 basehttp "OPTIONS /api/v1/strategies/master/18/ HTTP/1.1" 200 0
WARNING 2026-01-07 09:25:12,668 log Not Found: /api/v1/strategies/master/18/
WARNING 2026-01-07 09:25:12,668 basehttp "GET /api/v1/strategies/master/18/ HTTP/1.1" 404 169
INFO 2026-01-07 09:25:12,676 basehttp "OPTIONS /api/v1/strategies/signals/performance/?strategy_id=18&start_date=2025-11-08 HTTP/1.1" 200 0
WARNING 2026-01-07 09:25:13,398 log Not Found: /api/v1/strategies/master/18/
WARNING 2026-01-07 09:25:13,399 basehttp "GET /api/v1/strategies/master/18/ HTTP/1.1" 404 169
INFO 2026-01-07 09:25:13,675 basehttp "GET /api/v1/strategies/signals/performance/?strategy_id=18&start_date=2025-11-08 HTTP/1.1" 200 93
INFO 2026-01-07 09:25:14,662 basehttp "GET /api/v1/strategies/signals/performance/?strategy_id=18&start_date=2025-11-08 HTTP/1.1" 200 93
INFO 2026-01-07 09:25:16,362 basehttp "GET /api/v1/strategies/rule-based/ HTTP/1.1" 200 415
INFO 2026-01-07 09:25:17,119 basehttp "GET /api/v1/strategies/rule-based/ HTTP/1.1" 200 415
INFO 2026-01-07 09:25:18,852 basehttp "GET /api/v1/strategies/master/ HTTP/1.1" 200 1236
INFO 2026-01-07 09:25:19,615 basehttp "GET /api/v1/strategies/master/ HTTP/1.1" 200 1236
INFO 2026-01-07 09:25:20,553 basehttp "OPTIONS /api/v1/strategies/master/1/ HTTP/1.1" 200 0
INFO 2026-01-07 09:25:20,554 basehttp "OPTIONS /api/v1/strategies/master/1/ HTTP/1.1" 200 0
INFO 2026-01-07 09:25:23,031 basehttp "GET /api/v1/strategies/master/1/ HTTP/1.1" 200 479
INFO 2026-01-07 09:25:23,037 basehttp "OPTIONS /api/v1/strategies/signals/performance/?strategy_id=1&start_date=2025-11-08 HTTP/1.1" 200 0
INFO 2026-01-07 09:25:23,778 basehttp "GET /api/v1/strategies/master/1/ HTTP/1.1" 200 479
INFO 2026-01-07 09:25:24,791 basehttp "GET /api/v1/strategies/signals/performance/?strategy_id=1&start_date=2025-11-08 HTTP/1.1" 200 1019
INFO 2026-01-07 09:25:28,081 basehttp "GET /api/v1/backtest/runs/?strategy_code=DAILY_CLOSE_MOMENTUM HTTP/1.1" 200 12478
INFO 2026-01-07 09:25:28,238 basehttp "GET /api/v1/strategies/signals/performance/?strategy_id=1&start_date=2025-11-08 HTTP/1.1" 200 1019
INFO 2026-01-07 09:25:31,534 basehttp "GET /api/v1/backtest/runs/?strategy_code=DAILY_CLOSE_MOMENTUM HTTP/1.1" 200 12478
INFO 2026-01-07 09:25:35,812 basehttp "OPTIONS /api/v1/strategies/signals/?strategy=DAILY_CLOSE_MOMENTUM&stock=31 HTTP/1.1" 200 0
INFO 2026-01-07 09:25:51,225 basehttp "GET /api/v1/strategies/signals/?strategy=DAILY_CLOSE_MOMENTUM&stock=31 HTTP/1.1" 200 6751
INFO 2026-01-07 09:26:29,896 basehttp "GET /api/v1/strategies/rule-based/ HTTP/1.1" 200 415
INFO 2026-01-07 09:26:30,647 basehttp "GET /api/v1/strategies/rule-based/ HTTP/1.1" 200 415
INFO 2026-01-07 09:26:32,354 basehttp "GET /api/v1/strategies/master/ HTTP/1.1" 200 1236
INFO 2026-01-07 09:26:33,085 basehttp "GET /api/v1/strategies/master/ HTTP/1.1" 200 1236
INFO 2026-01-07 09:27:47,340 basehttp "GET /api/v1/auth/profile HTTP/1.1" 200 339
INFO 2026-01-07 09:27:47,586 basehttp "GET /api/v1/strategies/rule-based/ HTTP/1.1" 200 415
INFO 2026-01-07 09:27:47,831 basehttp "GET /api/v1/auth/profile HTTP/1.1" 200 339
INFO 2026-01-07 09:27:48,334 basehttp "GET /api/v1/strategies/master/ HTTP/1.1" 200 1236
INFO 2026-01-07 09:27:50,069 basehttp "GET /api/v1/strategies/rule-based/ HTTP/1.1" 200 415
INFO 2026-01-07 09:27:50,837 basehttp "GET /api/v1/strategies/master/ HTTP/1.1" 200 1236
INFO 2026-01-07 09:27:54,450 basehttp "GET /api/v1/strategies/master/1/ HTTP/1.1" 200 479
INFO 2026-01-07 09:27:55,193 basehttp "GET /api/v1/strategies/master/1/ HTTP/1.1" 200 479
INFO 2026-01-07 09:27:57,937 basehttp "GET /api/v1/strategies/signals/performance/?strategy_id=1&start_date=2025-11-08 HTTP/1.1" 200 1019
INFO 2026-01-07 09:27:59,658 basehttp "GET /api/v1/strategies/signals/performance/?strategy_id=1&start_date=2025-11-08 HTTP/1.1" 200 1019
INFO 2026-01-07 09:28:01,178 basehttp "GET /api/v1/backtest/runs/?strategy_code=DAILY_CLOSE_MOMENTUM HTTP/1.1" 200 12478
INFO 2026-01-07 09:28:04,593 basehttp "GET /api/v1/backtest/runs/?strategy_code=DAILY_CLOSE_MOMENTUM HTTP/1.1" 200 12478
INFO 2026-01-07 09:28:12,380 basehttp "GET /api/v1/auth/profile HTTP/1.1" 200 339
INFO 2026-01-07 09:28:12,873 basehttp "GET /api/v1/auth/profile HTTP/1.1" 200 339
INFO 2026-01-07 09:28:14,821 basehttp "GET /api/v1/notifications/?limit=5 HTTP/1.1" 200 97
INFO 2026-01-07 09:28:17,315 basehttp "GET /api/v1/notifications/?limit=5 HTTP/1.1" 200 97
INFO 2026-01-07 09:28:23,098 basehttp "GET /api/v1/portfolio/holdings/ HTTP/1.1" 200 2647
INFO 2026-01-07 09:28:30,135 basehttp "GET /api/v1/strategies/rule-based/ HTTP/1.1" 200 415
INFO 2026-01-07 09:28:31,029 basehttp "GET /api/v1/strategies/rule-based/ HTTP/1.1" 200 415
INFO 2026-01-07 09:28:31,302 basehttp "GET /api/v1/portfolio/holdings/ HTTP/1.1" 200 2647
INFO 2026-01-07 09:28:32,750 basehttp "GET /api/v1/strategies/master/ HTTP/1.1" 200 1236
INFO 2026-01-07 09:28:33,490 basehttp "GET /api/v1/strategies/master/ HTTP/1.1" 200 1236
INFO 2026-01-07 09:28:38,054 basehttp "OPTIONS /api/v1/stocks/?page=1&page_size=10&sort_by=symbol&order=asc&search= HTTP/1.1" 200 0
INFO 2026-01-07 09:28:38,056 basehttp "OPTIONS /api/v1/watchlist/ HTTP/1.1" 200 0
INFO 2026-01-07 09:28:38,066 basehttp "OPTIONS /api/v1/stocks/?page=1&page_size=10&sort_by=symbol&order=asc&search= HTTP/1.1" 200 0
INFO 2026-01-07 09:28:38,068 basehttp "OPTIONS /api/v1/watchlist/ HTTP/1.1" 200 0
INFO 2026-01-07 09:28:46,826 basehttp "GET /api/v1/watchlist/ HTTP/1.1" 200 2142
INFO 2026-01-07 09:28:49,533 basehttp "GET /api/v1/stocks/?page=1&page_size=10&sort_by=symbol&order=asc&search= HTTP/1.1" 200 2827
INFO 2026-01-07 09:28:53,739 basehttp "GET /api/v1/watchlist/ HTTP/1.1" 200 2142
INFO 2026-01-07 09:28:59,227 basehttp "GET /api/v1/stocks/?page=1&page_size=10&sort_by=symbol&order=asc&search= HTTP/1.1" 200 2827
INFO 2026-01-07 09:29:06,731 basehttp "GET /api/v1/strategies/rule-based/ HTTP/1.1" 200 415
INFO 2026-01-07 09:29:07,488 basehttp "GET /api/v1/strategies/rule-based/ HTTP/1.1" 200 415
INFO 2026-01-07 09:29:09,187 basehttp "GET /api/v1/strategies/master/ HTTP/1.1" 200 1236
INFO 2026-01-07 09:29:09,971 basehttp "GET /api/v1/strategies/master/ HTTP/1.1" 200 1236
INFO 2026-01-07 09:29:12,517 basehttp "GET /api/v1/strategies/master/1/ HTTP/1.1" 200 479
INFO 2026-01-07 09:29:13,242 basehttp "GET /api/v1/strategies/master/1/ HTTP/1.1" 200 479
INFO 2026-01-07 09:29:14,251 basehttp "GET /api/v1/strategies/signals/performance/?strategy_id=1&start_date=2025-11-08 HTTP/1.1" 200 1019
INFO 2026-01-07 09:29:15,985 basehttp "GET /api/v1/strategies/signals/performance/?strategy_id=1&start_date=2025-11-08 HTTP/1.1" 200 1019
INFO 2026-01-07 09:29:17,722 basehttp "GET /api/v1/backtest/runs/?strategy_code=DAILY_CLOSE_MOMENTUM HTTP/1.1" 200 12478
INFO 2026-01-07 09:29:21,217 basehttp "OPTIONS /api/v1/strategies/signals/?strategy=DAILY_CLOSE_MOMENTUM&stock=27 HTTP/1.1" 200 0
INFO 2026-01-07 09:29:21,979 basehttp "GET /api/v1/backtest/runs/?strategy_code=DAILY_CLOSE_MOMENTUM HTTP/1.1" 200 12478
INFO 2026-01-07 09:29:34,759 basehttp "GET /api/v1/strategies/signals/?strategy=DAILY_CLOSE_MOMENTUM&stock=27 HTTP/1.1" 200 6662
INFO 2026-01-07 09:29:58,683 basehttp "OPTIONS /api/v1/watchlist/?page=1&page_size=10 HTTP/1.1" 200 0
INFO 2026-01-07 09:29:58,688 basehttp "OPTIONS /api/v1/watchlist/?page=1&page_size=10 HTTP/1.1" 200 0
INFO 2026-01-07 09:29:59,596 basehttp "OPTIONS /api/v1/sectors/ HTTP/1.1" 200 0
INFO 2026-01-07 09:29:59,601 basehttp "OPTIONS /api/v1/stocks/categories/ HTTP/1.1" 200 0
INFO 2026-01-07 09:29:59,602 basehttp "OPTIONS /api/v1/sectors/ HTTP/1.1" 200 0
INFO 2026-01-07 09:29:59,604 basehttp "OPTIONS /api/v1/stocks/categories/ HTTP/1.1" 200 0
INFO 2026-01-07 09:29:59,604 basehttp "OPTIONS /api/v1/stocks/prices/daily/?start_date=2025-12-08&end_date=2026-01-07 HTTP/1.1" 200 0
INFO 2026-01-07 09:30:00,324 basehttp "GET /api/v1/sectors/ HTTP/1.1" 200 514
INFO 2026-01-07 09:30:02,050 basehttp "GET /api/v1/stocks/categories/ HTTP/1.1" 200 557
INFO 2026-01-07 09:30:02,777 basehttp "GET /api/v1/stocks/categories/ HTTP/1.1" 200 557
INFO 2026-01-07 09:30:02,802 basehttp "GET /api/v1/sectors/ HTTP/1.1" 200 514
INFO 2026-01-07 09:30:05,730 basehttp "GET /api/v1/watchlist/?page=1&page_size=10 HTTP/1.1" 200 2142
INFO 2026-01-07 09:30:12,688 basehttp "GET /api/v1/watchlist/?page=1&page_size=10 HTTP/1.1" 200 2142
INFO 2026-01-07 09:30:26,948 basehttp "GET /api/v1/stocks/prices/daily/?start_date=2025-12-08&end_date=2026-01-07 HTTP/1.1" 200 36370
INFO 2026-01-07 09:30:28,662 basehttp "OPTIONS /api/v1/options/contracts/?underlying_type=stock&underlying=RELIANCE HTTP/1.1" 200 0
INFO 2026-01-07 09:30:28,667 basehttp "OPTIONS /api/v1/options/contracts/?underlying_type=stock&underlying=RELIANCE HTTP/1.1" 200 0
ERROR 2026-01-07 09:30:29,489 log Internal Server Error: /api/v1/options/contracts/
Traceback (most recent call last):
  File "/Users/chat360team/Documents/papertrade/papertrade-backend/venv/lib/python3.13/site-packages/django/core/handlers/exception.py", line 55, in inner
    response = get_response(request)
  File "/Users/chat360team/Documents/papertrade/papertrade-backend/venv/lib/python3.13/site-packages/django/core/handlers/base.py", line 220, in _get_response
    response = response.render()
  File "/Users/chat360team/Documents/papertrade/papertrade-backend/venv/lib/python3.13/site-packages/django/template/response.py", line 114, in render
    self.content = self.rendered_content
                   ^^^^^^^^^^^^^^^^^^^^^
  File "/Users/chat360team/Documents/papertrade/papertrade-backend/venv/lib/python3.13/site-packages/rest_framework/response.py", line 70, in rendered_content
    ret = renderer.render(self.data, accepted_media_type, context)
  File "/Users/chat360team/Documents/papertrade/papertrade-backend/venv/lib/python3.13/site-packages/rest_framework/renderers.py", line 99, in render
    ret = json.dumps(
        data, cls=self.encoder_class,
        indent=indent, ensure_ascii=self.ensure_ascii,
        allow_nan=not self.strict, separators=separators
    )
  File "/Users/chat360team/Documents/papertrade/papertrade-backend/venv/lib/python3.13/site-packages/rest_framework/utils/json.py", line 25, in dumps
    return json.dumps(*args, **kwargs)
           ~~~~~~~~~~^^^^^^^^^^^^^^^^^
  File "/Library/Frameworks/Python.framework/Versions/3.13/lib/python3.13/json/__init__.py", line 238, in dumps
    **kw).encode(obj)
          ~~~~~~^^^^^
  File "/Library/Frameworks/Python.framework/Versions/3.13/lib/python3.13/json/encoder.py", line 200, in encode
    chunks = self.iterencode(o, _one_shot=True)
  File "/Library/Frameworks/Python.framework/Versions/3.13/lib/python3.13/json/encoder.py", line 261, in iterencode
    return _iterencode(o, 0)
  File "/Users/chat360team/Documents/papertrade/papertrade-backend/venv/lib/python3.13/site-packages/rest_framework/utils/encoders.py", line 67, in default
    return super().default(obj)
           ~~~~~~~~~~~~~~~^^^^^
  File "/Library/Frameworks/Python.framework/Versions/3.13/lib/python3.13/json/encoder.py", line 180, in default
    raise TypeError(f'Object of type {o.__class__.__name__} '
                    f'is not JSON serializable')
TypeError: Object of type Response is not JSON serializable
ERROR 2026-01-07 09:30:29,491 basehttp "GET /api/v1/options/contracts/?underlying_type=stock&underlying=RELIANCE HTTP/1.1" 500 107938
ERROR 2026-01-07 09:30:30,251 log Internal Server Error: /api/v1/options/contracts/
Traceback (most recent call last):
  File "/Users/chat360team/Documents/papertrade/papertrade-backend/venv/lib/python3.13/site-packages/django/core/handlers/exception.py", line 55, in inner
    response = get_response(request)
  File "/Users/chat360team/Documents/papertrade/papertrade-backend/venv/lib/python3.13/site-packages/django/core/handlers/base.py", line 220, in _get_response
    response = response.render()
  File "/Users/chat360team/Documents/papertrade/papertrade-backend/venv/lib/python3.13/site-packages/django/template/response.py", line 114, in render
    self.content = self.rendered_content
                   ^^^^^^^^^^^^^^^^^^^^^
  File "/Users/chat360team/Documents/papertrade/papertrade-backend/venv/lib/python3.13/site-packages/rest_framework/response.py", line 70, in rendered_content
    ret = renderer.render(self.data, accepted_media_type, context)
  File "/Users/chat360team/Documents/papertrade/papertrade-backend/venv/lib/python3.13/site-packages/rest_framework/renderers.py", line 99, in render
    ret = json.dumps(
        data, cls=self.encoder_class,
        indent=indent, ensure_ascii=self.ensure_ascii,
        allow_nan=not self.strict, separators=separators
    )
  File "/Users/chat360team/Documents/papertrade/papertrade-backend/venv/lib/python3.13/site-packages/rest_framework/utils/json.py", line 25, in dumps
    return json.dumps(*args, **kwargs)
           ~~~~~~~~~~^^^^^^^^^^^^^^^^^
  File "/Library/Frameworks/Python.framework/Versions/3.13/lib/python3.13/json/__init__.py", line 238, in dumps
    **kw).encode(obj)
          ~~~~~~^^^^^
  File "/Library/Frameworks/Python.framework/Versions/3.13/lib/python3.13/json/encoder.py", line 200, in encode
    chunks = self.iterencode(o, _one_shot=True)
  File "/Library/Frameworks/Python.framework/Versions/3.13/lib/python3.13/json/encoder.py", line 261, in iterencode
    return _iterencode(o, 0)
  File "/Users/chat360team/Documents/papertrade/papertrade-backend/venv/lib/python3.13/site-packages/rest_framework/utils/encoders.py", line 67, in default
    return super().default(obj)
           ~~~~~~~~~~~~~~~^^^^^
  File "/Library/Frameworks/Python.framework/Versions/3.13/lib/python3.13/json/encoder.py", line 180, in default
    raise TypeError(f'Object of type {o.__class__.__name__} '
                    f'is not JSON serializable')
TypeError: Object of type Response is not JSON serializable
ERROR 2026-01-07 09:30:30,252 basehttp "GET /api/v1/options/contracts/?underlying_type=stock&underlying=RELIANCE HTTP/1.1" 500 107938
INFO 2026-01-07 09:30:33,599 basehttp "OPTIONS /api/v1/stocks/ HTTP/1.1" 200 0
INFO 2026-01-07 09:30:33,603 basehttp "OPTIONS /api/v1/stocks/ HTTP/1.1" 200 0
INFO 2026-01-07 09:30:34,346 basehttp "GET /api/v1/strategies/master/ HTTP/1.1" 200 1236
INFO 2026-01-07 09:30:35,115 basehttp "GET /api/v1/strategies/master/ HTTP/1.1" 200 1236
INFO 2026-01-07 09:30:43,353 basehttp "GET /api/v1/stocks/ HTTP/1.1" 200 2827
INFO 2026-01-07 09:30:46,991 basehttp "OPTIONS /api/v1/stocks/prices/daily?stock_symbol=HDFCBANK&start_date=2025-12-08&end_date=2026-01-07 HTTP/1.1" 200 0
INFO 2026-01-07 09:30:47,250 basehttp "GET /api/v1/stocks/prices/daily?stock_symbol=HDFCBANK&start_date=2025-12-08&end_date=2026-01-07 HTTP/1.1" 301 0
INFO 2026-01-07 09:30:47,251 basehttp "OPTIONS /api/v1/stocks/prices/daily/?stock_symbol=HDFCBANK&start_date=2025-12-08&end_date=2026-01-07 HTTP/1.1" 200 0
INFO 2026-01-07 09:30:53,199 basehttp "GET /api/v1/stocks/ HTTP/1.1" 200 2827
INFO 2026-01-07 09:30:53,215 basehttp "GET /api/v1/stocks/prices/daily/?stock_symbol=HDFCBANK&start_date=2025-12-08&end_date=2026-01-07 HTTP/1.1" 200 7427
INFO 2026-01-07 09:31:00,534 basehttp "GET /api/v1/backtest/runs/?page=1&page_size=10 HTTP/1.1" 200 12478
INFO 2026-01-07 09:31:03,992 basehttp "GET /api/v1/backtest/runs/?page=1&page_size=10 HTTP/1.1" 200 12478
INFO 2026-01-07 09:31:08,345 basehttp "OPTIONS /api/v1/backtest/runs/NaN/results/?page=1&page_size=10&search= HTTP/1.1" 200 0
INFO 2026-01-07 09:31:08,358 basehttp "OPTIONS /api/v1/backtest/runs/NaN/ HTTP/1.1" 200 0
INFO 2026-01-07 09:31:08,364 basehttp "OPTIONS /api/v1/backtest/runs/NaN/results/?page=1&page_size=10&search= HTTP/1.1" 200 0
INFO 2026-01-07 09:31:08,367 basehttp "OPTIONS /api/v1/backtest/runs/NaN/ HTTP/1.1" 200 0
WARNING 2026-01-07 09:31:08,873 log Bad Request: /api/v1/backtest/runs/NaN/results/
WARNING 2026-01-07 09:31:08,875 log Not Found: /api/v1/backtest/runs/NaN/
WARNING 2026-01-07 09:31:08,875 basehttp "GET /api/v1/backtest/runs/NaN/ HTTP/1.1" 404 127
WARNING 2026-01-07 09:31:08,876 basehttp "GET /api/v1/backtest/runs/NaN/results/?page=1&page_size=10&search= HTTP/1.1" 400 137
WARNING 2026-01-07 09:31:09,370 log Bad Request: /api/v1/backtest/runs/NaN/results/
WARNING 2026-01-07 09:31:09,371 basehttp "GET /api/v1/backtest/runs/NaN/results/?page=1&page_size=10&search= HTTP/1.1" 400 137
WARNING 2026-01-07 09:31:09,434 log Not Found: /api/v1/backtest/runs/NaN/
WARNING 2026-01-07 09:31:09,435 basehttp "GET /api/v1/backtest/runs/NaN/ HTTP/1.1" 404 127
INFO 2026-01-07 09:31:09,875 basehttp "GET /api/v1/strategies/rule-based/ HTTP/1.1" 200 415
INFO 2026-01-07 09:31:10,627 basehttp "GET /api/v1/strategies/rule-based/ HTTP/1.1" 200 415
INFO 2026-01-07 09:31:10,628 basehttp "GET /api/v1/strategies/master/ HTTP/1.1" 200 1236
INFO 2026-01-07 09:31:11,376 basehttp "GET /api/v1/strategies/master/ HTTP/1.1" 200 1236
INFO 2026-01-07 09:31:15,283 basehttp "OPTIONS /api/v1/payments/records/ HTTP/1.1" 200 0
INFO 2026-01-07 09:31:15,283 basehttp "OPTIONS /api/v1/payments/records/ HTTP/1.1" 200 0
INFO 2026-01-07 09:31:15,768 basehttp "GET /api/v1/auth/profile HTTP/1.1" 200 339
INFO 2026-01-07 09:31:16,029 basehttp "GET /api/v1/payments/records/ HTTP/1.1" 200 433
INFO 2026-01-07 09:31:16,267 basehttp "GET /api/v1/auth/profile HTTP/1.1" 200 339
INFO 2026-01-07 09:31:16,774 basehttp "GET /api/v1/payments/records/ HTTP/1.1" 200 433
INFO 2026-01-07 09:31:28,838 basehttp "GET /api/v1/auth/profile HTTP/1.1" 200 339
INFO 2026-01-07 09:31:29,083 basehttp "GET /api/v1/payments/records/ HTTP/1.1" 200 433
INFO 2026-01-07 09:31:29,320 basehttp "GET /api/v1/auth/profile HTTP/1.1" 200 339
INFO 2026-01-07 09:31:29,810 basehttp "GET /api/v1/auth/profile HTTP/1.1" 200 339
INFO 2026-01-07 09:31:29,842 basehttp "GET /api/v1/payments/records/ HTTP/1.1" 200 433
INFO 2026-01-07 09:31:30,471 basehttp "GET /api/v1/auth/profile HTTP/1.1" 200 339
ERROR 2026-01-07 09:31:34,747 log Internal Server Error: /api/v1/options/contracts/
Traceback (most recent call last):
  File "/Users/chat360team/Documents/papertrade/papertrade-backend/venv/lib/python3.13/site-packages/django/core/handlers/exception.py", line 55, in inner
    response = get_response(request)
  File "/Users/chat360team/Documents/papertrade/papertrade-backend/venv/lib/python3.13/site-packages/django/core/handlers/base.py", line 220, in _get_response
    response = response.render()
  File "/Users/chat360team/Documents/papertrade/papertrade-backend/venv/lib/python3.13/site-packages/django/template/response.py", line 114, in render
    self.content = self.rendered_content
                   ^^^^^^^^^^^^^^^^^^^^^
  File "/Users/chat360team/Documents/papertrade/papertrade-backend/venv/lib/python3.13/site-packages/rest_framework/response.py", line 70, in rendered_content
    ret = renderer.render(self.data, accepted_media_type, context)
  File "/Users/chat360team/Documents/papertrade/papertrade-backend/venv/lib/python3.13/site-packages/rest_framework/renderers.py", line 99, in render
    ret = json.dumps(
        data, cls=self.encoder_class,
        indent=indent, ensure_ascii=self.ensure_ascii,
        allow_nan=not self.strict, separators=separators
    )
  File "/Users/chat360team/Documents/papertrade/papertrade-backend/venv/lib/python3.13/site-packages/rest_framework/utils/json.py", line 25, in dumps
    return json.dumps(*args, **kwargs)
           ~~~~~~~~~~^^^^^^^^^^^^^^^^^
  File "/Library/Frameworks/Python.framework/Versions/3.13/lib/python3.13/json/__init__.py", line 238, in dumps
    **kw).encode(obj)
          ~~~~~~^^^^^
  File "/Library/Frameworks/Python.framework/Versions/3.13/lib/python3.13/json/encoder.py", line 200, in encode
    chunks = self.iterencode(o, _one_shot=True)
  File "/Library/Frameworks/Python.framework/Versions/3.13/lib/python3.13/json/encoder.py", line 261, in iterencode
    return _iterencode(o, 0)
  File "/Users/chat360team/Documents/papertrade/papertrade-backend/venv/lib/python3.13/site-packages/rest_framework/utils/encoders.py", line 67, in default
    return super().default(obj)
           ~~~~~~~~~~~~~~~^^^^^
  File "/Library/Frameworks/Python.framework/Versions/3.13/lib/python3.13/json/encoder.py", line 180, in default
    raise TypeError(f'Object of type {o.__class__.__name__} '
                    f'is not JSON serializable')
TypeError: Object of type Response is not JSON serializable
ERROR 2026-01-07 09:31:34,749 basehttp "GET /api/v1/options/contracts/?underlying_type=stock&underlying=RELIANCE HTTP/1.1" 500 107938
ERROR 2026-01-07 09:31:35,588 log Internal Server Error: /api/v1/options/contracts/
Traceback (most recent call last):
  File "/Users/chat360team/Documents/papertrade/papertrade-backend/venv/lib/python3.13/site-packages/django/core/handlers/exception.py", line 55, in inner
    response = get_response(request)
  File "/Users/chat360team/Documents/papertrade/papertrade-backend/venv/lib/python3.13/site-packages/django/core/handlers/base.py", line 220, in _get_response
    response = response.render()
  File "/Users/chat360team/Documents/papertrade/papertrade-backend/venv/lib/python3.13/site-packages/django/template/response.py", line 114, in render
    self.content = self.rendered_content
                   ^^^^^^^^^^^^^^^^^^^^^
  File "/Users/chat360team/Documents/papertrade/papertrade-backend/venv/lib/python3.13/site-packages/rest_framework/response.py", line 70, in rendered_content
    ret = renderer.render(self.data, accepted_media_type, context)
  File "/Users/chat360team/Documents/papertrade/papertrade-backend/venv/lib/python3.13/site-packages/rest_framework/renderers.py", line 99, in render
    ret = json.dumps(
        data, cls=self.encoder_class,
        indent=indent, ensure_ascii=self.ensure_ascii,
        allow_nan=not self.strict, separators=separators
    )
  File "/Users/chat360team/Documents/papertrade/papertrade-backend/venv/lib/python3.13/site-packages/rest_framework/utils/json.py", line 25, in dumps
    return json.dumps(*args, **kwargs)
           ~~~~~~~~~~^^^^^^^^^^^^^^^^^
  File "/Library/Frameworks/Python.framework/Versions/3.13/lib/python3.13/json/__init__.py", line 238, in dumps
    **kw).encode(obj)
          ~~~~~~^^^^^
  File "/Library/Frameworks/Python.framework/Versions/3.13/lib/python3.13/json/encoder.py", line 200, in encode
    chunks = self.iterencode(o, _one_shot=True)
  File "/Library/Frameworks/Python.framework/Versions/3.13/lib/python3.13/json/encoder.py", line 261, in iterencode
    return _iterencode(o, 0)
  File "/Users/chat360team/Documents/papertrade/papertrade-backend/venv/lib/python3.13/site-packages/rest_framework/utils/encoders.py", line 67, in default
    return super().default(obj)
           ~~~~~~~~~~~~~~~^^^^^
  File "/Library/Frameworks/Python.framework/Versions/3.13/lib/python3.13/json/encoder.py", line 180, in default
    raise TypeError(f'Object of type {o.__class__.__name__} '
                    f'is not JSON serializable')
TypeError: Object of type Response is not JSON serializable
ERROR 2026-01-07 09:31:35,591 basehttp "GET /api/v1/options/contracts/?underlying_type=stock&underlying=RELIANCE HTTP/1.1" 500 107938
INFO 2026-01-07 09:31:39,168 basehttp "GET /api/v1/backtest/runs/?page=1&page_size=10 HTTP/1.1" 200 12478
INFO 2026-01-07 09:31:42,688 basehttp "GET /api/v1/backtest/runs/?page=1&page_size=10 HTTP/1.1" 200 12478
WARNING 2026-01-07 09:31:44,657 log Not Found: /api/v1/backtest/runs/NaN/
WARNING 2026-01-07 09:31:44,657 basehttp "GET /api/v1/backtest/runs/NaN/ HTTP/1.1" 404 127
WARNING 2026-01-07 09:31:44,668 log Bad Request: /api/v1/backtest/runs/NaN/results/
WARNING 2026-01-07 09:31:44,669 basehttp "GET /api/v1/backtest/runs/NaN/results/?page=1&page_size=10&search= HTTP/1.1" 400 137
INFO 2026-01-07 09:31:45,137 basehttp "GET /api/v1/strategies/rule-based/ HTTP/1.1" 200 415
WARNING 2026-01-07 09:31:45,148 log Not Found: /api/v1/backtest/runs/NaN/
WARNING 2026-01-07 09:31:45,148 basehttp "GET /api/v1/backtest/runs/NaN/ HTTP/1.1" 404 127
WARNING 2026-01-07 09:31:45,169 log Bad Request: /api/v1/backtest/runs/NaN/results/
WARNING 2026-01-07 09:31:45,169 basehttp "GET /api/v1/backtest/runs/NaN/results/?page=1&page_size=10&search= HTTP/1.1" 400 137
INFO 2026-01-07 09:31:45,892 basehttp "GET /api/v1/strategies/master/ HTTP/1.1" 200 1236
INFO 2026-01-07 09:31:45,892 basehttp "GET /api/v1/strategies/rule-based/ HTTP/1.1" 200 415
INFO 2026-01-07 09:31:46,644 basehttp "GET /api/v1/strategies/master/ HTTP/1.1" 200 1236
INFO 2026-01-07 09:32:00,057 basehttp "GET /api/v1/backtest/runs/?page=1&page_size=10 HTTP/1.1" 200 12478
INFO 2026-01-07 09:32:00,057 basehttp - Broken pipe from ('127.0.0.1', 62121)
INFO 2026-01-07 09:32:01,996 basehttp "GET /api/v1/auth/profile HTTP/1.1" 200 339
INFO 2026-01-07 09:32:04,185 basehttp "GET /api/v1/auth/profile HTTP/1.1" 200 339
INFO 2026-01-07 09:32:04,671 basehttp "GET /api/v1/backtest/runs/?page=1&page_size=10 HTTP/1.1" 200 12478
INFO 2026-01-07 09:32:08,199 basehttp "GET /api/v1/backtest/runs/?page=1&page_size=10 HTTP/1.1" 200 12478
WARNING 2026-01-07 09:32:28,536 log Not Found: /api/v1/backtest/runs/NaN/
WARNING 2026-01-07 09:32:28,538 basehttp "GET /api/v1/backtest/runs/NaN/ HTTP/1.1" 404 127
WARNING 2026-01-07 09:32:28,547 log Bad Request: /api/v1/backtest/runs/NaN/results/
WARNING 2026-01-07 09:32:28,549 basehttp "GET /api/v1/backtest/runs/NaN/results/?page=1&page_size=10&search= HTTP/1.1" 400 137
INFO 2026-01-07 09:32:28,888 basehttp "GET /api/v1/strategies/rule-based/ HTTP/1.1" 200 415
WARNING 2026-01-07 09:32:29,040 log Bad Request: /api/v1/backtest/runs/NaN/results/
WARNING 2026-01-07 09:32:29,040 basehttp "GET /api/v1/backtest/runs/NaN/results/?page=1&page_size=10&search= HTTP/1.1" 400 137
INFO 2026-01-07 09:32:29,629 basehttp "GET /api/v1/strategies/rule-based/ HTTP/1.1" 200 415
INFO 2026-01-07 09:32:29,633 basehttp "GET /api/v1/strategies/master/ HTTP/1.1" 200 1236
INFO 2026-01-07 09:32:30,388 basehttp "GET /api/v1/strategies/master/ HTTP/1.1" 200 1236
WARNING 2026-01-07 09:32:30,789 log Not Found: /api/v1/backtest/runs/NaN/
WARNING 2026-01-07 09:32:30,790 basehttp "GET /api/v1/backtest/runs/NaN/ HTTP/1.1" 404 127
INFO 2026-01-07 09:34:36,688 basehttp "GET /api/v1/backtest/runs/?page=1&page_size=10 HTTP/1.1" 200 12478
INFO 2026-01-07 09:34:36,689 basehttp - Broken pipe from ('127.0.0.1', 62841)
INFO 2026-01-07 09:34:37,395 basehttp "GET /api/v1/auth/profile HTTP/1.1" 200 339
INFO 2026-01-07 09:34:39,612 basehttp "GET /api/v1/auth/profile HTTP/1.1" 200 339
INFO 2026-01-07 09:34:39,837 basehttp "GET /api/v1/backtest/runs/?page=1&page_size=10 HTTP/1.1" 200 12478
INFO 2026-01-07 09:34:43,005 basehttp "GET /api/v1/strategies/rule-based/ HTTP/1.1" 200 415
INFO 2026-01-07 09:34:43,303 basehttp "GET /api/v1/backtest/runs/?page=1&page_size=10 HTTP/1.1" 200 12478
INFO 2026-01-07 09:34:43,764 basehttp "GET /api/v1/strategies/master/ HTTP/1.1" 200 1236
INFO 2026-01-07 09:34:45,971 basehttp "GET /api/v1/strategies/rule-based/ HTTP/1.1" 200 415
INFO 2026-01-07 09:34:46,867 basehttp "GET /api/v1/strategies/master/ HTTP/1.1" 200 1236
INFO 2026-01-07 09:35:03,239 basehttp "GET /api/v1/strategies/master/1/ HTTP/1.1" 200 479
INFO 2026-01-07 09:35:05,023 basehttp "GET /api/v1/strategies/signals/performance/?strategy_id=1&start_date=2025-11-08 HTTP/1.1" 200 1019
INFO 2026-01-07 09:35:06,153 basehttp "GET /api/v1/strategies/master/1/ HTTP/1.1" 200 479
INFO 2026-01-07 09:35:08,193 basehttp "GET /api/v1/strategies/signals/performance/?strategy_id=1&start_date=2025-11-08 HTTP/1.1" 200 1019
INFO 2026-01-07 09:35:08,333 basehttp "GET /api/v1/backtest/runs/?strategy_code=DAILY_CLOSE_MOMENTUM HTTP/1.1" 200 12478
INFO 2026-01-07 09:35:12,203 basehttp "GET /api/v1/backtest/runs/?strategy_code=DAILY_CLOSE_MOMENTUM HTTP/1.1" 200 12478
INFO 2026-01-07 09:36:30,998 basehttp "GET /api/v1/strategies/rule-based/ HTTP/1.1" 200 415
INFO 2026-01-07 09:36:31,759 basehttp "GET /api/v1/strategies/rule-based/ HTTP/1.1" 200 415
INFO 2026-01-07 09:36:33,553 basehttp "GET /api/v1/strategies/master/ HTTP/1.1" 200 1236
INFO 2026-01-07 09:36:34,298 basehttp "GET /api/v1/strategies/master/ HTTP/1.1" 200 1236
INFO 2026-01-07 09:36:58,914 basehttp "GET /api/v1/strategies/master/1/ HTTP/1.1" 200 479
INFO 2026-01-07 09:36:59,649 basehttp "GET /api/v1/strategies/master/1/ HTTP/1.1" 200 479
INFO 2026-01-07 09:37:03,041 basehttp "GET /api/v1/strategies/signals/performance/?strategy_id=1&start_date=2025-11-08 HTTP/1.1" 200 1019
INFO 2026-01-07 09:37:05,143 basehttp "GET /api/v1/strategies/signals/performance/?strategy_id=1&start_date=2025-11-08 HTTP/1.1" 200 1019
INFO 2026-01-07 09:37:09,312 basehttp "GET /api/v1/backtest/runs/?strategy_code=DAILY_CLOSE_MOMENTUM HTTP/1.1" 200 12478
INFO 2026-01-07 09:37:14,946 basehttp "GET /api/v1/backtest/runs/?strategy_code=DAILY_CLOSE_MOMENTUM HTTP/1.1" 200 12478
SETTINGS-DEBUG: Looking for .env at: /Users/chat360team/Documents/papertrade/papertrade-backend/.env
SETTINGS-DEBUG: .env exists: True
SETTINGS-DEBUG: Loaded .env successfully
